2025-06-26 11:21:46,449 - INFO - Screenshot saved: reports\screenshots\20250626_112144_test_case_1_UserStory1.png
2025-06-26 11:22:18,363 - INFO - Screenshot saved: reports\screenshots\20250626_112215_test_case_1_UserStory1.png
2025-06-26 11:22:18,453 - ERROR - Failed to take screenshot: Page.wait_for_timeout: Target page, context or browser has been closed
2025-06-26 11:22:20,804 - INFO - Screenshot saved: reports\screenshots\20250626_112218_test_case_2_UserStory1.png
2025-06-26 11:23:57,074 - ERROR - Failed to generate individual PDF report: 'Function' object is not subscriptable
2025-06-26 11:23:59,344 - INFO - Screenshot saved: reports\screenshots\20250626_112357_test_case_2_UserStory1.png
2025-06-26 11:23:59,449 - ERROR - Failed to take screenshot: Page.wait_for_timeout: Target page, context or browser has been closed
2025-06-26 11:24:01,941 - INFO - Screenshot saved: reports\screenshots\20250626_112359_test_case_3_UserStory1.png
2025-06-26 11:25:16,873 - ERROR - Failed to take screenshot: Page.screenshot: Timeout 15000ms exceeded.
Call log:
  - taking page screenshot
  - waiting for fonts to load...
  - fonts loaded

2025-06-26 11:25:22,469 - ERROR - Failed to take screenshot: Event loop is closed! Is Playwright already stopped?
2025-06-26 11:25:22,472 - INFO - Processing 9 test results...
2025-06-26 11:25:22,478 - ERROR - Critical error generating PDF report: 
paragraph text '<para>page = <Page url=\'https://scm.tokoparts.mitija-dev.net/setting/delivery-service\'> request = <FixtureRequest for <Function test_case_3_UserStory1>> def test_case_3_UserStory1(page: Page, request): login_scm(page) page.locator(\'[src="/img/admin/truck.png"]\').click() time.sleep(1) page.locator(\'[href="https://scm.tokoparts.mitija-dev.net/setting/delivery-service"]\').click() time.sleep(1) expect(page.locator(\'[class="sellers-list"]\')).to_have_text("Delivery Service List") time.sleep(1) #Verify Api Integrartion is off expect(page.locator(\'//*[@id="frmData"]/div[1]/div[2]/div/div/div/span[3]\')).to_have_text("OFF") time.sleep(1) > page.locator(f"#select2-beneficiary_name-container").click() test_Tokoparts_US#1.py:173: _ _ _ _ _ _ _ _ _ _ _ _ _ _ _ _ _ _ _ _ _ _ _ _ _ _ _ _ _ _ _ _ _ _ _ _ _ _ _ _ _ _ _ _ _ _ _ _ _ _ _ _ _ _ _ C:\\Users\\mplus\\AppData\\Local\\Programs\\Python\\Python313\\Lib\\site-packages\\playwright\\sync_api\\_generated.py:15512: in click self._sync( C:\\Users\\mplus\\AppData\\Local\\Programs\\Python\\Python313\\Lib\\site-packages\\playwright\\_impl\\_locator.py:160: in click return await self._frame.click(self._selector, strict=True, **params) ^^^^^^^^^^^^^^^^^^^^^^^^^^^^^^^^^^^^^^^^^^^^^^^^^^^^^^^^^^^^^^ C:\\Users\\mplus\\AppData\\Local\\Programs\\Python\\Python313\\Lib\\site-packages\\playwright\\_impl\\_frame.py:488: in click await self._channel.send("click", locals_to_params(locals())) C:\\Users\\mplus\\AppData\\Local\\Programs\\Python\\Python313\\Lib\\site-packages\\playwright\\_impl\\_connection.py:61: in send return await self._connection.wrap_api_call( _ _ _ _ _ _ _ _ _ _ _ _ _ _ _ _ _ _ _ _ _ _ _ _ _ _ _ _ _ _ _ _ _ _ _ _ _ _ _ _ _ _ _ _ _ _ _ _ _ _ _ _ _ _ _ self = <playwright._impl._connection.Connection object at 0x00000296A4C4C6E0> cb = <function Channel.send.<locals>.<lambda> at 0x00000296A5035080>, is_internal = False async def wrap_api_call( self, cb: Callable[[], Any], is_internal: bool = False ) -> Any: if self._api_zone.get(): return await cb() task = asyncio.current_task(self._loop) st: List[inspect.FrameInfo] = getattr(task, "__pw_stack__", inspect.stack()) parsed_st = _extract_stack_trace_information_from_stack(st, is_internal) self._api_zone.set(parsed_st) try: return await cb() except Exception as error: > raise rewrite_error(error, f"{parsed_st[\'apiName\']}: {error}") from None E playwright._impl._errors.TimeoutError: Locator.click: Timeout 30000ms exceeded. E Call log: E - waiting for locator("#select2-beneficiary_name-container") E - locator resolved to <span role="textbox" title="Select" aria-readonly="true" class="select2-selection__rendered" id="select2-beneficiary_name-container">Select</span> E - attempting click action E 2 \xd7 waiting for element to be visible, enabled and stable E - element is not visible E - retrying click action E - waiting 20ms E 2 \xd7 waiting for element to be visible, enabled and stable E - element is not visible E - retrying click action E - waiting 100ms E 27 \xd7 waiting for element to be visible, enabled and stable E - element is not visible E - retrying click action E - waiting 500ms C:\\Users\\mplus\\AppData\\Local\\Programs\\Python\\Python313\\Lib\\site-packages\\playwright\\_impl\\_connection.py:528: TimeoutError</para>' caused exception paraparser: syntax error: invalid attribute name role attrMap=['backColor', 'backcolor', 'bgcolor', 'color', 'face', 'fg', 'fontName', 'fontSize', 'fontname', 'fontsize', 'name', 'size', 'style', 'textColor', 'textcolor']
2025-06-26 11:25:25,849 - ERROR - Failed to send email: Connection unexpectedly closed
2025-06-26 11:30:01,451 - INFO - Screenshot saved: reports\screenshots\20250626_113000_test_case_1_UserStory1.png
2025-06-26 11:30:33,134 - INFO - Screenshot saved: reports\screenshots\20250626_113032_test_case_1_UserStory1.png
2025-06-26 11:30:34,292 - INFO - Screenshot saved: reports\screenshots\20250626_113033_test_case_2_UserStory1.png
2025-06-26 11:31:39,625 - INFO - Screenshot saved: reports\screenshots\20250626_113139_test_case_2_UserStory1.png
2025-06-26 11:31:40,677 - INFO - Screenshot saved: reports\screenshots\20250626_113139_test_case_3_UserStory1.png
2025-06-26 11:32:48,801 - INFO - Screenshot saved: reports\screenshots\20250626_113248_test_case_3_UserStory1.png
2025-06-26 11:32:49,412 - INFO - Processing 9 test results...
2025-06-26 11:32:50,570 - INFO - PDF report generated: reports\pdf\Test_Report_20250626_113249.pdf
2025-06-26 11:32:53,779 - ERROR - Email attempt 1 failed: Connection unexpectedly closed
2025-06-26 11:33:01,758 - ERROR - Email attempt 2 failed: Connection unexpectedly closed
2025-06-26 11:33:09,836 - ERROR - Email attempt 3 failed: Connection unexpectedly closed
2025-06-26 11:33:09,837 - ERROR - All email sending attempts failed
2025-06-26 11:33:09,837 - ERROR - Failed to send email but report was generated
2025-06-26 11:50:32,638 - INFO - Screenshot saved: reports\screenshots\20250626_115031_test_case_1_UserStory1.png
2025-06-26 11:51:01,878 - INFO - Screenshot saved: reports\screenshots\20250626_115101_test_case_1_UserStory1.png
2025-06-26 11:51:02,988 - INFO - Screenshot saved: reports\screenshots\20250626_115102_test_case_2_UserStory1.png
2025-06-26 11:52:09,746 - INFO - Screenshot saved: reports\screenshots\20250626_115209_test_case_2_UserStory1.png
2025-06-26 11:52:10,751 - INFO - Screenshot saved: reports\screenshots\20250626_115210_test_case_3_UserStory1.png
2025-06-26 11:53:18,889 - INFO - Screenshot saved: reports\screenshots\20250626_115318_test_case_3_UserStory1.png
2025-06-26 11:53:19,355 - INFO - Processing 9 test results...
2025-06-26 11:53:20,359 - INFO - PDF report generated: reports\pdf\Test_Report_20250626_115319.pdf
2025-06-26 11:53:26,138 - INFO - Email successfully sent to adolfnaibaho007@gmail.com
2025-06-26 12:00:23,906 - INFO - 1536x1000 screenshot saved: reports\screenshots\20250626_120022_test_case_1_UserStory1.png
2025-06-26 12:01:31,270 - INFO - 1536x1000 screenshot saved: reports\screenshots\20250626_120130_test_case_2_UserStory1.png
2025-06-26 12:02:38,951 - INFO - 1536x1000 screenshot saved: reports\screenshots\20250626_120237_test_case_3_UserStory1.png
2025-06-26 12:02:40,031 - INFO - Generating report for 3 tests...
2025-06-26 12:02:40,373 - INFO - PDF report generated: reports\pdf\Test_Report_20250626_120240.pdf
2025-06-26 12:02:43,497 - ERROR - Email failed: Connection unexpectedly closed
2025-06-26 12:02:43,497 - ERROR - Email delivery failed but report was generated
2025-06-26 13:12:30,647 - INFO - 1536x1000 screenshot saved: reports\screenshots\20250626_131229_test_case_1_UserStory1.png
2025-06-26 13:13:39,619 - INFO - 1536x1000 screenshot saved: reports\screenshots\20250626_131338_test_case_2_UserStory1.png
2025-06-26 13:14:50,095 - INFO - 1536x1000 screenshot saved: reports\screenshots\20250626_131448_test_case_3_UserStory1.png
2025-06-26 13:14:51,050 - INFO - Generating report for 3 tests...
2025-06-26 13:14:51,655 - INFO - PDF report generated: reports\pdf\Test_Report_20250626_131451.pdf
2025-06-26 13:14:55,156 - WARNING - Email attempt 1 failed: Connection unexpectedly closed
2025-06-26 13:15:03,345 - WARNING - Email attempt 2 failed: Connection unexpectedly closed
2025-06-26 13:15:11,800 - WARNING - Email attempt 3 failed: Connection unexpectedly closed
2025-06-26 13:15:11,801 - ERROR - All email attempts failed
2025-06-26 13:15:11,801 - ERROR - Email failed but report was generated
2025-06-26 13:23:13,548 - INFO - Screenshot 1536x1000 saved: reports\screenshots\20250626_132312_test_case_1_UserStory1.png
2025-06-26 13:24:21,638 - INFO - Screenshot 1536x1000 saved: reports\screenshots\20250626_132420_test_case_2_UserStory1.png
2025-06-26 13:25:31,424 - INFO - Screenshot 1536x1000 saved: reports\screenshots\20250626_132530_test_case_3_UserStory1.png
2025-06-26 13:25:32,306 - INFO - Memproses 3 hasil test...
2025-06-26 13:25:32,709 - INFO - Laporan PDF dihasilkan: reports\pdf\Laporan_Regresi_20250626_132532.pdf
2025-06-26 13:25:38,196 - INFO - Email berhasil dikirim ke adolfnaibaho007@gmail.com
2025-06-26 13:33:31,458 - INFO - Screenshot 1536x1000 saved: reports\screenshots\20250626_133329_test_case_1_UserStory1.png
2025-06-26 13:35:49,537 - ERROR - Failed to generate individual PDF report: 'Function' object is not subscriptable
2025-06-26 13:36:00,745 - ERROR - Gagal mengambil screenshot: Page.screenshot: Timeout 10000ms exceeded.
Call log:
  - taking page screenshot
  - waiting for fonts to load...
  - fonts loaded

2025-06-26 13:36:58,135 - INFO - Screenshot 1536x1000 saved: reports\screenshots\20250626_133656_test_case_3_UserStory1.png
2025-06-26 13:37:57,952 - INFO - Screenshot 1536x1000 saved: reports\screenshots\20250626_133756_test_case_4_UserStory1.png
2025-06-26 13:39:06,966 - INFO - Screenshot 1536x1000 saved: reports\screenshots\20250626_133905_test_case_5_UserStory1.png
2025-06-26 13:40:17,194 - INFO - Screenshot 1536x1000 saved: reports\screenshots\20250626_134015_test_case_6_UserStory1.png
2025-06-26 13:41:22,586 - INFO - Screenshot 1536x1000 saved: reports\screenshots\20250626_134121_test_case_7_UserStory1.png
2025-06-26 13:42:52,665 - ERROR - Gagal mengambil screenshot: Page.screenshot: Timeout 10000ms exceeded.
Call log:
  - taking page screenshot
  - waiting for fonts to load...
  - fonts loaded

2025-06-26 13:43:59,180 - INFO - Screenshot 1536x1000 saved: reports\screenshots\20250626_134357_test_case_9_UserStory1.png
2025-06-26 13:45:30,217 - INFO - Screenshot 1536x1000 saved: reports\screenshots\20250626_134528_test_case_10_UserStory1.png
2025-06-26 13:46:31,778 - INFO - Screenshot 1536x1000 saved: reports\screenshots\20250626_134630_test_case_11_UserStory1.png
2025-06-26 13:47:41,189 - INFO - Screenshot 1536x1000 saved: reports\screenshots\20250626_134739_test_case_12_UserStory1.png
2025-06-26 13:48:51,561 - INFO - Screenshot 1536x1000 saved: reports\screenshots\20250626_134850_test_case_13_UserStory1.png
2025-06-26 13:49:57,480 - INFO - Screenshot 1536x1000 saved: reports\screenshots\20250626_134956_test_case_14_UserStory1.png
2025-06-26 13:51:06,783 - INFO - Screenshot 1536x1000 saved: reports\screenshots\20250626_135105_test_case_15_UserStory1.png
2025-06-26 13:52:14,103 - INFO - Screenshot 1536x1000 saved: reports\screenshots\20250626_135212_test_case_16_UserStory1.png
2025-06-26 13:53:20,724 - INFO - Screenshot 1536x1000 saved: reports\screenshots\20250626_135319_test_case_17_UserStory1.png
2025-06-26 13:53:21,633 - INFO - Memproses 17 hasil test...
2025-06-26 13:53:21,655 - ERROR - Gagal membuat laporan PDF: 
paragraph text '<para>page = <Page url=\'https://scm.tokoparts.mitija-dev.net/setting/delivery-service\'> request = <FixtureRequest for <Function test_case_3_UserStory1>> def test_case_3_UserStory1(page: Page, request): login_scm(page) page.locator(\'[src="/img/admin/truck.png"]\').click() time.sleep(1) page.locator(\'[href="https://scm.tokoparts.mitija-dev.net/setting/delivery-service"]\').click() time.sleep(1) expect(page.locator(\'[class="sellers-list"]\')).to_have_text("Delivery Service List") time.sleep(1) #Verify Api Integrartion is off expect(page.locator(\'//*[@id="frmData"]/div[1]/div[2]/div/div/div/span[3]\')).to_have_text("OFF") time.sleep(1) > page.locator(f"#select2-beneficiary_name-container").click() test_Tokoparts_US#1.py:175: _ _ _ _ _ _ _ _ _ _ _ _ _ _ _ _ _ _ _ _ _ _ _ _ _ _ _ _ _ _ _ _ _ _ _ _ _ _ _ _ _ _ _ _ _ _ _ _ _ _ _ _ C:\\Users\\mplus\\AppData\\Local\\Programs\\Python\\Python313\\Lib\\site-packages\\playwright\\sync_api\\_generated.py:15512: in click self._sync( C:\\Users\\mplus\\AppData\\Local\\Programs\\Python\\Python313\\Lib\\site-packages\\playwright\\_impl\\_locator.py:160: in click return await self._frame.click(self._selector, strict=True, **params) ^^^^^^^^^^^^^^^^^^^^^^^^^^^^^^^^^^^^^^^^^^^^^^^^^^^^^^^^^^^^^^ C:\\Users\\mplus\\AppData\\Local\\Programs\\Python\\Python313\\Lib\\site-packages\\playwright\\_impl\\_frame.py:488: in click await self._channel.send("click", locals_to_params(locals())) C:\\Users\\mplus\\AppData\\Local\\Programs\\Python\\Python313\\Lib\\site-packages\\playwright\\_impl\\_connection.py:61: in send return await self._connection.wrap_api_call( _ _ _ _ _ _ _ _ _ _ _ _ _ _ _ _ _ _ _ _ _ _ _ _ _ _ _ _ _ _ _ _ _ _ _ _ _ _ _ _ _ _ _ _ _ _ _ _ _ _ _ _ self = <playwright._impl._connection.Connection object at 0x00000140CB368D70> cb = <function Channel.send.<locals>.<lambda> at 0x00000140CB488040>, is_internal = False async def wrap_api_call( self, cb: Callable[[], Any], is_internal: bool = False ) -> Any: if self._api_zone.get(): return await cb() task = asyncio.current_task(self._loop) st: List[inspect.FrameInfo] = getattr(task, "__pw_stack__", inspect.stack()) parsed_st = _extract_stack_trace_information_from_stack(st, is_internal) self._api_zone.set(parsed_st) try: return await cb() except Exception as error: > raise rewrite_error(error, f"{parsed_st[\'apiName\']}: {error}") from None E playwright._impl._errors.TimeoutError: Locator.click: Timeout 30000ms exceeded. E Call log: E - waiting for locator("#select2-beneficiary_name-container") E - locator resolved to <span role="textbox" title="Select" aria-readonly="true" class="select2-selection__rendered" id="select2-beneficiary_name-container">Select</span> E - attempting click action E 2 \xd7 waiting for element to be visible, enabled and stable E - element is not visible E - retrying click action E - waiting 20ms E 2 \xd7 waiting for element to be visible, enabled and stable E - element is not visible E - retrying click action E - waiting 100ms E 57 \xd7 waiting for element to be visible, enabled and stable E - element is not visible E - retrying click action E - waiting 500ms C:\\Users\\mplus\\AppData\\Local\\Programs\\Python\\Python313\\Lib\\site-packages\\playwright\\_impl\\_connection.py:528: TimeoutError</para>' caused exception paraparser: syntax error: invalid attribute name role attrMap=['backColor', 'backcolor', 'bgcolor', 'color', 'face', 'fg', 'fontName', 'fontSize', 'fontname', 'fontsize', 'name', 'size', 'style', 'textColor', 'textcolor']
2025-06-26 13:53:26,025 - INFO - Email berhasil dikirim ke adolfnaibaho007@gmail.com
2025-06-26 14:04:45,092 - INFO - 1536x1000 screenshot saved: reports\screenshots\20250626_140443_test_case_1_UserStory1.png
2025-06-26 14:07:11,760 - ERROR - Failed to generate individual PDF report: 'Function' object is not subscriptable
2025-06-26 14:07:22,822 - ERROR - Screenshot failed: Page.screenshot: Timeout 10000ms exceeded.
Call log:
  - taking page screenshot
  - waiting for fonts to load...
  - fonts loaded

2025-06-26 14:08:30,874 - ERROR - Screenshot failed: Page.screenshot: Timeout 10000ms exceeded.
Call log:
  - taking page screenshot
  - waiting for fonts to load...
  - fonts loaded

2025-06-26 14:09:31,604 - INFO - 1536x1000 screenshot saved: reports\screenshots\20250626_140930_test_case_4_UserStory1.png
2025-06-26 14:10:39,707 - INFO - 1536x1000 screenshot saved: reports\screenshots\20250626_141038_test_case_5_UserStory1.png
2025-06-26 14:11:53,685 - INFO - 1536x1000 screenshot saved: reports\screenshots\20250626_141152_test_case_6_UserStory1.png
2025-06-26 14:13:00,035 - INFO - 1536x1000 screenshot saved: reports\screenshots\20250626_141258_test_case_7_UserStory1.png
2025-06-26 14:14:08,136 - INFO - 1536x1000 screenshot saved: reports\screenshots\20250626_141406_test_case_8_UserStory1.png
2025-06-26 14:15:15,115 - INFO - 1536x1000 screenshot saved: reports\screenshots\20250626_141513_test_case_9_UserStory1.png
2025-06-26 14:17:22,534 - INFO - 1536x1000 screenshot saved: reports\screenshots\20250626_141717_test_case_10_UserStory1.png
2025-06-26 14:18:23,078 - INFO - 1536x1000 screenshot saved: reports\screenshots\20250626_141821_test_case_11_UserStory1.png
2025-06-26 14:19:33,623 - INFO - 1536x1000 screenshot saved: reports\screenshots\20250626_141932_test_case_12_UserStory1.png
2025-06-26 14:20:55,546 - ERROR - Screenshot failed: Page.screenshot: Timeout 10000ms exceeded.
Call log:
  - taking page screenshot
  - waiting for fonts to load...
  - fonts loaded

2025-06-26 14:22:00,421 - INFO - 1536x1000 screenshot saved: reports\screenshots\20250626_142159_test_case_14_UserStory1.png
2025-06-26 14:23:09,057 - INFO - 1536x1000 screenshot saved: reports\screenshots\20250626_142307_test_case_15_UserStory1.png
2025-06-26 14:24:58,116 - ERROR - Screenshot failed: Page.screenshot: Timeout 10000ms exceeded.
Call log:
  - taking page screenshot
  - waiting for fonts to load...
  - fonts loaded

2025-06-26 14:26:49,489 - ERROR - Screenshot failed: Page.screenshot: Timeout 10000ms exceeded.
Call log:
  - taking page screenshot
  - waiting for fonts to load...
  - fonts loaded

2025-06-26 14:26:50,478 - INFO - Memproses 17 hasil test...
2025-06-26 14:26:52,768 - INFO - PDF report generated: reports\pdf\Laporan_Regresi_20250626_142650.pdf
2025-06-26 14:26:56,426 - WARNING - Percobaan pengiriman email ke-1 gagal: Connection unexpectedly closed
2025-06-26 14:27:05,084 - WARNING - Percobaan pengiriman email ke-2 gagal: Connection unexpectedly closed
2025-06-26 14:27:13,686 - WARNING - Percobaan pengiriman email ke-3 gagal: Connection unexpectedly closed
2025-06-26 14:27:13,687 - ERROR - Semua percobaan pengiriman email gagal
2025-06-26 14:27:13,687 - ERROR - Gagal mengirim email tetapi laporan berhasil dibuat
2025-06-26 15:27:53,489 - INFO - 1536x1000 screenshot saved: reports\screenshots\20250626_152751_test_case_1_UserStory2.png
2025-06-26 15:27:54,434 - INFO - Memproses 1 hasil test...
2025-06-26 15:27:54,693 - INFO - PDF report generated: reports\pdf\Laporan_Regresi_20250626_152754.pdf
2025-06-26 15:28:00,602 - INFO - Email berhasil dikirim ke adolfnaibaho007@gmail.com
2025-06-26 15:37:02,580 - INFO - 1536x1000 screenshot saved: reports\screenshots\20250626_153700_test_case_1_UserStory2.png
2025-06-26 15:37:03,449 - INFO - Memproses 1 hasil test...
2025-06-26 15:37:03,721 - INFO - PDF report generated: reports\pdf\Laporan_Regresi_20250626_153703.pdf
2025-06-26 15:37:07,432 - WARNING - Percobaan pengiriman email ke-1 gagal: Connection unexpectedly closed
2025-06-26 15:37:15,923 - WARNING - Percobaan pengiriman email ke-2 gagal: Connection unexpectedly closed
2025-06-26 15:37:24,369 - WARNING - Percobaan pengiriman email ke-3 gagal: Connection unexpectedly closed
2025-06-26 15:37:24,369 - ERROR - Semua percobaan pengiriman email gagal
2025-06-26 15:37:24,369 - ERROR - Gagal mengirim email tetapi laporan berhasil dibuat
2025-06-26 15:40:58,799 - ERROR - Screenshot failed: Page.wait_for_timeout: Target page, context or browser has been closed
2025-06-26 15:40:59,694 - INFO - Memproses 1 hasil test...
2025-06-26 15:40:59,738 - INFO - PDF report generated: reports\pdf\Laporan_Regresi_20250626_154059.pdf
2025-06-26 15:41:03,357 - WARNING - Percobaan pengiriman email ke-1 gagal: Connection unexpectedly closed
2025-06-26 15:41:11,856 - WARNING - Percobaan pengiriman email ke-2 gagal: Connection unexpectedly closed
2025-06-26 15:41:16,873 - WARNING - Percobaan pengiriman email ke-3 gagal: Report file missing: reports\pdf\Laporan_Regresi_20250626_154059.pdf
2025-06-26 15:41:16,873 - ERROR - Semua percobaan pengiriman email gagal
2025-06-26 15:41:16,873 - ERROR - Gagal mengirim email tetapi laporan berhasil dibuat
2025-06-26 15:42:41,291 - INFO - Memproses 1 hasil test...
2025-06-26 15:42:41,346 - INFO - PDF report generated: reports\pdf\Laporan_Regresi_20250626_154241.pdf
2025-06-26 15:42:44,673 - WARNING - Percobaan pengiriman email ke-1 gagal: Connection unexpectedly closed
2025-06-26 15:42:53,177 - WARNING - Percobaan pengiriman email ke-2 gagal: Connection unexpectedly closed
2025-06-26 15:43:01,426 - WARNING - Percobaan pengiriman email ke-3 gagal: Connection unexpectedly closed
2025-06-26 15:43:01,426 - ERROR - Semua percobaan pengiriman email gagal
2025-06-26 15:43:01,426 - ERROR - Gagal mengirim email tetapi laporan berhasil dibuat
2025-06-26 15:43:46,002 - INFO - 1536x1000 screenshot saved: reports\screenshots\20250626_154344_test_case_1_UserStory2.png
2025-06-26 15:43:47,166 - INFO - Memproses 1 hasil test...
2025-06-26 15:43:47,367 - INFO - PDF report generated: reports\pdf\Laporan_Regresi_20250626_154347.pdf
2025-06-26 15:43:50,758 - WARNING - Percobaan pengiriman email ke-1 gagal: Connection unexpectedly closed
2025-06-26 15:43:55,760 - WARNING - Percobaan pengiriman email ke-2 gagal: Report file missing: reports\pdf\Laporan_Regresi_20250626_154347.pdf
2025-06-26 15:44:00,761 - WARNING - Percobaan pengiriman email ke-3 gagal: Report file missing: reports\pdf\Laporan_Regresi_20250626_154347.pdf
2025-06-26 15:44:00,762 - ERROR - Semua percobaan pengiriman email gagal
2025-06-26 15:44:00,762 - ERROR - Gagal mengirim email tetapi laporan berhasil dibuat
2025-06-26 15:45:46,462 - INFO - 1536x1000 screenshot saved: reports\screenshots\20250626_154544_test_case_1_UserStory2.png
2025-06-26 15:45:47,370 - INFO - Memproses 1 hasil test...
2025-06-26 15:45:47,692 - INFO - PDF report generated: reports\pdf\Laporan_Regresi_20250626_154547.pdf
2025-06-26 15:45:51,104 - WARNING - Percobaan pengiriman email ke-1 gagal: Connection unexpectedly closed
2025-06-26 15:45:59,909 - WARNING - Percobaan pengiriman email ke-2 gagal: Connection unexpectedly closed
2025-06-26 15:46:09,544 - WARNING - Percobaan pengiriman email ke-3 gagal: Connection unexpectedly closed
2025-06-26 15:46:09,544 - ERROR - Semua percobaan pengiriman email gagal
2025-06-26 15:46:09,544 - ERROR - Gagal mengirim email tetapi laporan berhasil dibuat
2025-06-26 15:48:14,062 - INFO - 1536x1000 screenshot saved: reports\screenshots\20250626_154812_test_case_1_UserStory2.png
2025-06-26 15:48:14,849 - INFO - Memproses 1 hasil test...
2025-06-26 15:48:15,072 - INFO - PDF report generated: reports\pdf\Laporan_Regresi_20250626_154814.pdf
2025-06-26 15:48:18,908 - WARNING - Percobaan pengiriman email ke-1 gagal: Connection unexpectedly closed
2025-06-26 15:48:27,572 - WARNING - Percobaan pengiriman email ke-2 gagal: Connection unexpectedly closed
2025-06-26 15:48:36,016 - WARNING - Percobaan pengiriman email ke-3 gagal: Connection unexpectedly closed
2025-06-26 15:48:36,016 - ERROR - Semua percobaan pengiriman email gagal
2025-06-26 15:48:36,017 - ERROR - Gagal mengirim email tetapi laporan berhasil dibuat
2025-06-26 15:59:56,765 - INFO - 1536x1000 screenshot saved: reports\screenshots\20250626_155955_test_case_1_UserStory2.png
2025-06-26 15:59:57,604 - INFO - Memproses 1 hasil test...
2025-06-26 15:59:57,927 - INFO - PDF report generated: reports\pdf\Laporan_Regresi_20250626_155957.pdf
2025-06-26 16:00:01,634 - WARNING - Percobaan pengiriman email ke-1 gagal: Connection unexpectedly closed
2025-06-26 16:00:10,123 - WARNING - Percobaan pengiriman email ke-2 gagal: Connection unexpectedly closed
2025-06-26 16:00:15,124 - WARNING - Percobaan pengiriman email ke-3 gagal: Report file missing: reports\pdf\Laporan_Regresi_20250626_155957.pdf
2025-06-26 16:00:15,124 - ERROR - Semua percobaan pengiriman email gagal
2025-06-26 16:00:15,125 - ERROR - Gagal mengirim email tetapi laporan berhasil dibuat
2025-07-01 10:21:15,956 - INFO - 1536x1000 screenshot saved: reports\screenshots\20250701_102114_test_case_1_UserStory2.png
2025-07-01 10:22:01,762 - INFO - 1536x1000 screenshot saved: reports\screenshots\20250701_102200_test_case_2_UserStory2.png
2025-07-01 10:22:55,549 - INFO - 1536x1000 screenshot saved: reports\screenshots\20250701_102254_test_case_3_UserStory2.png
2025-07-01 10:22:56,247 - INFO - Memproses 3 hasil test...
2025-07-01 10:22:56,818 - INFO - PDF report generated: reports\pdf\Laporan_Regresi_20250701_102256.pdf
2025-07-01 10:23:00,612 - WARNING - Percobaan pengiriman email ke-1 gagal: Connection unexpectedly closed
2025-07-01 10:23:09,012 - WARNING - Percobaan pengiriman email ke-2 gagal: Connection unexpectedly closed
2025-07-01 10:23:17,614 - WARNING - Percobaan pengiriman email ke-3 gagal: Connection unexpectedly closed
2025-07-01 10:23:17,614 - ERROR - Semua percobaan pengiriman email gagal
2025-07-01 10:23:17,615 - ERROR - Gagal mengirim email tetapi laporan berhasil dibuat
2025-07-01 10:50:15,763 - WARNING - Tidak ada screenshot manual yang ditemukan.
2025-07-01 10:55:44,966 - INFO - Memproses 1 hasil test (manual screenshot)...
2025-07-01 10:55:45,399 - INFO - PDF manual screenshot report generated: reports\pdf\Manual_Screenshot_Report_20250701_105544.pdf
2025-07-01 10:55:50,649 - INFO - Email berhasil dikirim ke adolfnaibaho007@gmail.com
2025-07-01 11:10:50,705 - WARNING - Tidak ada screenshot manual yang ditemukan.
2025-07-01 11:16:18,746 - INFO - Memproses 2 hasil test (manual screenshot)...
2025-07-01 11:16:19,148 - INFO - PDF manual screenshot report generated: reports\pdf\Manual_Screenshot_Report_20250701_111618.pdf
2025-07-01 11:16:24,734 - INFO - Email berhasil dikirim ke adolfnaibaho007@gmail.com
2025-07-01 11:25:33,473 - INFO - Memproses 6 hasil test (manual screenshot)...
2025-07-01 11:25:34,586 - INFO - PDF report generated: reports\pdf\Manual_Screenshot_Report_20250701_112533.pdf
2025-07-01 11:25:44,459 - INFO - Email berhasil dikirim ke adolfnaibaho007@gmail.com
2025-07-01 11:29:18,959 - INFO - Memproses 6 hasil test (manual screenshot)...
2025-07-01 11:29:19,978 - INFO - PDF report generated: reports\pdf\Manual_Screenshot_Report_20250701_112918.pdf
2025-07-01 11:29:26,399 - INFO - Email berhasil dikirim ke adolfnaibaho007@gmail.com
2025-07-01 11:37:13,710 - INFO - Memproses 3 hasil test (manual screenshot)...
2025-07-01 11:37:14,734 - INFO - PDF report generated: reports\pdf\Manual_Screenshot_Report_20250701_113713.pdf
2025-07-01 11:37:21,505 - INFO - Email berhasil dikirim ke adolfnaibaho007@gmail.com
2025-07-01 11:52:18,900 - INFO - Memproses 3 hasil test (manual screenshot)...
2025-07-01 11:52:19,826 - INFO - PDF report generated: reports\pdf\Manual_Screenshot_Report_20250701_115218.pdf
2025-07-01 11:52:26,521 - INFO - Email berhasil dikirim ke adolfnaibaho007@gmail.com
2025-07-01 12:13:25,643 - INFO - Memproses 3 hasil test (manual screenshot)...
2025-07-01 12:13:26,656 - INFO - PDF A5 report with 2 images per page generated: reports\pdf\Manual_Screenshot_Report_20250701_121325.pdf
2025-07-01 12:13:36,040 - INFO - Email berhasil dikirim ke adolfnaibaho007@gmail.com
2025-07-01 13:08:53,059 - INFO - Memproses 3 screenshot manual...
2025-07-01 13:08:54,062 - INFO - PDF A3 generated: reports\pdf\Manual_Screenshot_Report_20250701_130853.pdf
2025-07-01 13:08:57,647 - WARNING - Percobaan pengiriman email gagal: Connection unexpectedly closed
2025-07-01 13:09:06,350 - WARNING - Percobaan pengiriman email gagal: Connection unexpectedly closed
2025-07-01 13:09:15,107 - WARNING - Percobaan pengiriman email gagal: Connection unexpectedly closed
2025-07-01 13:09:15,108 - ERROR - Semua percobaan pengiriman email gagal
2025-07-01 13:22:14,651 - INFO - Memproses 3 screenshot manual...
2025-07-01 13:22:15,777 - INFO - PDF A3 generated: reports\pdf\Manual_Screenshot_Report_20250701_132214.pdf
2025-07-01 13:22:22,567 - INFO - Email berhasil dikirim ke adolfnaibaho007@gmail.com
2025-07-01 13:30:00,695 - INFO - Memproses 3 screenshot manual...
2025-07-01 13:30:01,728 - INFO - PDF A3 report generated (1 testcase per page): reports\pdf\Manual_Screenshot_Report_20250701_133000.pdf
2025-07-01 13:30:08,545 - INFO - Email berhasil dikirim ke adolfnaibaho007@gmail.com
2025-07-01 14:09:55,327 - INFO - Memproses 3 screenshot manual...
2025-07-01 14:09:55,856 - INFO - PDF A3 report generated (1 testcase per page): reports\pdf\Laporan_Regresi_Tokopart_20250701_140955.pdf
2025-07-01 14:10:01,668 - INFO - Email berhasil dikirim ke adolfnaibaho007@gmail.com
2025-07-01 14:14:19,954 - WARNING - Tidak ada screenshot manual ditemukan.
2025-07-01 14:14:20,449 - ERROR - Task was destroyed but it is pending!
task: <Task pending name='Task-3' coro=<Connection.run.<locals>.init() running at C:\Users\mplus\AppData\Local\Programs\Python\Python313\Lib\site-packages\playwright\_impl\_connection.py:277> wait_for=<Future pending cb=[Task.task_wakeup()]> cb=[ProtocolCallback.__init__.<locals>.cb() at C:\Users\mplus\AppData\Local\Programs\Python\Python313\Lib\site-packages\playwright\_impl\_connection.py:198]>
2025-07-01 14:16:41,719 - INFO - Memproses 3 screenshot manual...
2025-07-01 14:16:42,196 - INFO - PDF A3 report generated (1 testcase per page): reports\pdf\Laporan_Regresi_Tokopart_20250701_141641.pdf
2025-07-01 14:16:47,800 - INFO - Email berhasil dikirim ke adolfnaibaho007@gmail.com
2025-07-01 14:23:56,222 - INFO - Memproses 3 screenshot manual...
2025-07-01 14:23:56,707 - INFO - PDF report generated: reports\pdf\Laporan_Regresi_Tokopart_20250701_142356.pdf
2025-07-01 14:23:59,995 - WARNING - Percobaan pengiriman email gagal: Connection unexpectedly closed
2025-07-01 14:24:08,039 - WARNING - Percobaan pengiriman email gagal: Connection unexpectedly closed
2025-07-01 14:24:16,070 - WARNING - Percobaan pengiriman email gagal: Connection unexpectedly closed
2025-07-01 14:24:16,071 - ERROR - Semua percobaan pengiriman email gagal
2025-07-01 14:31:41,698 - INFO - Memproses 3 screenshot manual...
2025-07-01 14:31:42,181 - INFO - PDF report generated: reports\pdf\Laporan_Regresi_Tokopart_20250701_143141.pdf
2025-07-01 14:31:45,448 - WARNING - Percobaan pengiriman email gagal: Connection unexpectedly closed
2025-07-01 14:31:53,493 - WARNING - Percobaan pengiriman email gagal: Connection unexpectedly closed
2025-07-01 14:32:01,477 - WARNING - Percobaan pengiriman email gagal: Connection unexpectedly closed
2025-07-01 14:32:01,477 - ERROR - Semua percobaan pengiriman email gagal
2025-07-01 14:39:47,885 - INFO - Memproses 3 screenshot manual...
2025-07-01 14:39:48,385 - INFO - PDF report generated: reports\pdf\Laporan_Regresi_Tokopart_20250701_143947.pdf
2025-07-01 14:39:51,499 - WARNING - Percobaan pengiriman email gagal: Connection unexpectedly closed
2025-07-01 14:39:59,575 - WARNING - Percobaan pengiriman email gagal: Connection unexpectedly closed
2025-07-01 14:40:07,618 - WARNING - Percobaan pengiriman email gagal: Connection unexpectedly closed
2025-07-01 14:40:07,618 - ERROR - Semua percobaan pengiriman email gagal
2025-07-01 14:43:12,360 - INFO - Memproses 3 screenshot manual...
2025-07-01 14:43:12,490 - INFO - PDF report generated: reports\pdf\Laporan_Regresi_Tokopart_20250701_144312.pdf
2025-07-01 14:43:17,615 - INFO - Email berhasil dikirim ke adolfnaibaho007@gmail.com
2025-07-01 14:46:43,953 - INFO - Memproses 3 screenshot manual...
2025-07-01 14:46:44,581 - INFO - PDF report generated: reports\pdf\Laporan_Regresi_Tokopart_20250701_144643.pdf
2025-07-01 14:46:50,205 - INFO - Email berhasil dikirim ke adolfnaibaho007@gmail.com
2025-07-01 14:52:24,573 - INFO - Memproses 3 screenshot manual...
2025-07-01 14:52:25,080 - INFO - PDF report generated: reports\pdf\Laporan_Regresi_Tokopart_20250701_145224.pdf
2025-07-01 14:52:31,890 - INFO - Email berhasil dikirim ke adolfnaibaho007@gmail.com
2025-07-01 15:06:33,533 - INFO - Memproses 3 screenshot manual...
2025-07-01 15:06:34,384 - INFO - PDF report generated: reports\pdf\Laporan_Regresi_Tokopart_20250701_150633.pdf
2025-07-01 15:06:41,575 - INFO - Email berhasil dikirim ke adolfnaibaho007@gmail.com
2025-07-01 15:11:43,990 - INFO - Memproses 3 screenshot manual...
2025-07-01 15:11:44,819 - INFO - PDF report generated: reports\pdf\Laporan_Regresi_Tokopart_20250701_151143.pdf
2025-07-01 15:11:51,335 - INFO - Email berhasil dikirim ke adolfnaibaho007@gmail.com
2025-07-01 15:21:34,296 - INFO - Memproses 2 screenshot manual...
2025-07-01 16:06:17,163 - INFO - Memproses 3 screenshot manual...
2025-07-01 16:06:17,755 - INFO - PDF report generated: reports\pdf\Laporan_Regresi_Tokopart_20250701_160617.pdf
2025-07-01 16:06:24,565 - INFO - Email berhasil dikirim ke adolfnaibaho007@gmail.com
2025-07-01 16:06:25,441 - ERROR - Future exception was never retrieved
future: <Future finished exception=TargetClosedError('Target page, context or browser has been closed')>
playwright._impl._errors.TargetClosedError: Target page, context or browser has been closed
2025-07-01 16:13:31,721 - INFO - Memproses 3 screenshot manual...
2025-07-01 16:13:32,916 - INFO - PDF report generated: reports\pdf\Laporan_Regresi_Tokopart_20250701_161331.pdf
2025-07-01 16:13:39,194 - INFO - Email berhasil dikirim ke adolfnaibaho007@gmail.com
2025-07-01 16:22:58,334 - INFO - Memproses 3 screenshot manual...
2025-07-01 16:22:58,582 - INFO - PDF report generated: reports\pdf\Laporan_Regresi_Tokopart_20250701_162258.pdf
2025-07-01 16:23:04,523 - INFO - Email berhasil dikirim ke adolfnaibaho007@gmail.com
2025-07-01 16:27:28,443 - INFO - Memproses 3 screenshot manual...
2025-07-01 16:27:29,442 - INFO - PDF report generated: reports\pdf\Laporan_Regresi_Tokopart_20250701_162728.pdf
2025-07-01 16:27:36,018 - INFO - Email berhasil dikirim ke adolfnaibaho007@gmail.com
2025-07-01 16:32:38,472 - INFO - Memproses 3 screenshot manual...
2025-07-01 16:32:38,681 - INFO - PDF report generated: reports\pdf\Laporan_Regresi_Tokopart_20250701_163238.pdf
2025-07-01 16:32:44,521 - INFO - Email berhasil dikirim ke adolfnaibaho007@gmail.com
2025-07-01 16:35:53,962 - INFO - Memproses 3 screenshot manual...
2025-07-01 16:35:54,200 - INFO - PDF report generated: reports\pdf\Laporan_Regresi_Tokopart_20250701_163553.pdf
2025-07-01 16:35:59,927 - INFO - Email berhasil dikirim ke adolfnaibaho007@gmail.com
2025-07-01 16:39:25,973 - INFO - Memproses 3 screenshot manual...
2025-07-01 16:39:26,229 - INFO - PDF report generated: reports\pdf\Laporan_Regresi_Tokopart_20250701_163925.pdf
2025-07-01 16:39:31,959 - INFO - Email berhasil dikirim ke adolfnaibaho007@gmail.com
2025-07-01 16:42:03,010 - INFO - Memproses 3 screenshot manual...
2025-07-01 16:42:03,199 - INFO - PDF report generated: reports\pdf\Laporan_Regresi_Tokopart_20250701_164203.pdf
2025-07-01 16:42:08,939 - INFO - Email berhasil dikirim ke adolfnaibaho007@gmail.com
2025-07-01 16:52:00,326 - INFO - Memproses 3 screenshot manual...
2025-07-01 16:52:00,547 - INFO - PDF report generated: reports\pdf\Laporan_Regresi_Tokopart_20250701_165200.pdf
2025-07-01 16:52:04,559 - WARNING - Percobaan pengiriman email gagal: Connection unexpectedly closed
2025-07-01 16:52:13,001 - WARNING - Percobaan pengiriman email gagal: Connection unexpectedly closed
2025-07-01 16:52:21,604 - WARNING - Percobaan pengiriman email gagal: Connection unexpectedly closed
2025-07-01 16:52:21,605 - ERROR - Semua percobaan pengiriman email gagal
2025-07-01 17:07:18,104 - INFO - Memproses 3 screenshot manual...
2025-07-01 17:07:19,000 - INFO - PDF report generated: reports\pdf\Laporan_Regresi_Tokopart_20250701_170718.pdf
2025-07-01 17:07:22,851 - WARNING - Percobaan pengiriman email gagal: Connection unexpectedly closed
2025-07-01 17:07:31,333 - WARNING - Percobaan pengiriman email gagal: Connection unexpectedly closed
2025-07-01 17:07:39,934 - WARNING - Percobaan pengiriman email gagal: Connection unexpectedly closed
2025-07-01 17:07:39,935 - ERROR - Semua percobaan pengiriman email gagal
2025-07-01 17:12:11,768 - INFO - Memproses 3 screenshot manual...
2025-07-01 17:12:12,560 - INFO - PDF report generated: reports\pdf\Laporan_Regresi_Tokopart_20250701_171211.pdf
2025-07-01 17:12:16,419 - WARNING - Percobaan pengiriman email gagal: Connection unexpectedly closed
2025-07-01 17:12:24,916 - WARNING - Percobaan pengiriman email gagal: Connection unexpectedly closed
2025-07-01 17:12:33,459 - WARNING - Percobaan pengiriman email gagal: Connection unexpectedly closed
2025-07-01 17:12:33,460 - ERROR - Semua percobaan pengiriman email gagal
2025-07-02 09:22:41,393 - INFO - Memproses 3 screenshot manual...
2025-07-02 09:22:41,951 - INFO - PDF report generated: reports\pdf\Laporan_Regresi_Tokopart_20250702_092241.pdf
2025-07-02 09:22:45,445 - WARNING - Percobaan pengiriman email gagal: Connection unexpectedly closed
2025-07-02 09:22:54,149 - WARNING - Percobaan pengiriman email gagal: Connection unexpectedly closed
2025-07-02 09:23:02,527 - WARNING - Percobaan pengiriman email gagal: Connection unexpectedly closed
2025-07-02 09:23:02,528 - ERROR - Semua percobaan pengiriman email gagal
2025-07-02 10:30:52,999 - INFO - Memproses 3 screenshot manual...
2025-07-02 10:30:53,939 - INFO - PDF report generated: reports\pdf\Laporan_Regresi_Tokopart_20250702_103053.pdf
2025-07-02 10:30:57,258 - WARNING - Percobaan pengiriman email gagal: Connection unexpectedly closed
2025-07-02 10:31:05,251 - WARNING - Percobaan pengiriman email gagal: Connection unexpectedly closed
2025-07-02 10:31:13,326 - WARNING - Percobaan pengiriman email gagal: Connection unexpectedly closed
2025-07-02 10:31:13,327 - ERROR - Semua percobaan pengiriman email gagal
2025-07-02 10:33:00,688 - INFO - Memproses 3 screenshot manual...
2025-07-02 10:33:00,701 - INFO - PDF report generated: reports\pdf\Laporan_Regresi_Tokopart_20250702_103300.pdf
2025-07-02 10:33:04,769 - WARNING - Percobaan pengiriman email gagal: Connection unexpectedly closed
2025-07-02 10:37:11,764 - INFO - Memproses 3 screenshot manual...
2025-07-02 10:37:12,462 - INFO - PDF report generated: reports\pdf\Laporan_Regresi_Tokopart_20250702_103711.pdf
2025-07-02 10:37:18,583 - WARNING - Percobaan pengiriman email gagal: Connection unexpectedly closed
2025-07-02 10:37:27,005 - WARNING - Percobaan pengiriman email gagal: Connection unexpectedly closed
2025-07-02 10:37:35,568 - WARNING - Percobaan pengiriman email gagal: Connection unexpectedly closed
2025-07-02 10:37:35,568 - ERROR - Semua percobaan pengiriman email gagal
2025-07-02 10:56:45,844 - INFO - Memproses 3 screenshot manual...
2025-07-02 10:56:46,751 - INFO - PDF report generated: reports\pdf\Laporan_Regresi_Tokopart_20250702_105645.pdf
2025-07-02 10:56:51,113 - WARNING - Percobaan pengiriman email gagal: Connection unexpectedly closed
2025-07-02 10:56:59,209 - WARNING - Percobaan pengiriman email gagal: Connection unexpectedly closed
2025-07-02 10:57:07,443 - WARNING - Percobaan pengiriman email gagal: Connection unexpectedly closed
2025-07-02 10:57:07,443 - ERROR - Semua percobaan pengiriman email gagal
2025-07-02 11:08:12,535 - INFO - Memproses 3 screenshot manual...
2025-07-02 11:08:13,339 - INFO - PDF report generated: reports\pdf\Laporan_Regresi_Tokopart_20250702_110812.pdf
2025-07-02 11:08:17,160 - WARNING - Percobaan pengiriman email gagal: Connection unexpectedly closed
2025-07-02 11:08:25,537 - WARNING - Percobaan pengiriman email gagal: Connection unexpectedly closed
2025-07-02 11:08:33,832 - WARNING - Percobaan pengiriman email gagal: Connection unexpectedly closed
2025-07-02 11:08:33,832 - ERROR - Semua percobaan pengiriman email gagal
2025-07-02 11:13:20,918 - INFO - Memproses 3 screenshot manual...
2025-07-02 11:13:21,666 - INFO - PDF report generated: reports\pdf\Laporan_Regresi_Tokopart_20250702_111320.pdf
2025-07-02 11:13:25,162 - WARNING - Percobaan pengiriman email gagal: Connection unexpectedly closed
2025-07-02 11:13:33,248 - WARNING - Percobaan pengiriman email gagal: Connection unexpectedly closed
2025-07-02 11:13:41,414 - WARNING - Percobaan pengiriman email gagal: Connection unexpectedly closed
2025-07-02 11:13:41,415 - ERROR - Semua percobaan pengiriman email gagal
2025-07-02 11:52:15,665 - INFO - Memproses 3 screenshot manual...
2025-07-02 11:52:16,326 - INFO - PDF report generated: reports\pdf\Laporan_Regresi_Tokopart_20250702_115215.pdf
2025-07-02 11:52:19,855 - WARNING - Percobaan pengiriman email gagal: Connection unexpectedly closed
2025-07-02 11:52:28,606 - WARNING - Percobaan pengiriman email gagal: Connection unexpectedly closed
2025-07-02 11:52:37,185 - WARNING - Percobaan pengiriman email gagal: Connection unexpectedly closed
2025-07-02 11:52:37,185 - ERROR - Semua percobaan pengiriman email gagal
2025-07-02 13:34:55,294 - INFO - Memproses 3 screenshot manual...
2025-07-02 13:34:55,975 - INFO - PDF report generated: reports\pdf\Laporan_Regresi_Tokopart_20250702_133455.pdf
2025-07-02 13:34:59,778 - WARNING - Percobaan pengiriman email gagal: Connection unexpectedly closed
2025-07-02 13:35:08,430 - WARNING - Percobaan pengiriman email gagal: Connection unexpectedly closed
2025-07-02 13:35:17,033 - WARNING - Percobaan pengiriman email gagal: Connection unexpectedly closed
2025-07-02 13:35:17,033 - ERROR - Semua percobaan pengiriman email gagal
2025-07-02 13:43:15,327 - INFO - Memproses 3 screenshot manual...
2025-07-02 13:43:16,398 - INFO - PDF report generated: reports\pdf\Laporan_Regresi_Tokopart_20250702_134315.pdf
2025-07-02 13:43:19,789 - WARNING - Percobaan pengiriman email gagal: Connection unexpectedly closed
2025-07-02 13:43:27,941 - WARNING - Percobaan pengiriman email gagal: Connection unexpectedly closed
2025-07-02 13:43:36,339 - WARNING - Percobaan pengiriman email gagal: Connection unexpectedly closed
2025-07-02 13:43:36,339 - ERROR - Semua percobaan pengiriman email gagal
2025-07-02 13:52:01,313 - INFO - Memproses 3 screenshot manual...
2025-07-02 13:52:02,538 - INFO - PDF report generated: reports\pdf\Laporan_Regresi_Tokopart_20250702_135201.pdf
2025-07-02 13:52:06,234 - WARNING - Percobaan pengiriman email gagal: Connection unexpectedly closed
2025-07-02 13:52:14,795 - WARNING - Percobaan pengiriman email gagal: Connection unexpectedly closed
2025-07-02 13:52:23,191 - WARNING - Percobaan pengiriman email gagal: Connection unexpectedly closed
2025-07-02 13:52:23,191 - ERROR - Semua percobaan pengiriman email gagal
2025-07-02 13:59:33,699 - INFO - Memproses 3 screenshot manual...
2025-07-02 13:59:34,945 - INFO - PDF report generated: reports\pdf\Laporan_Regresi_Tokopart_20250702_135933.pdf
2025-07-02 13:59:38,804 - WARNING - Percobaan pengiriman email gagal: Connection unexpectedly closed
2025-07-02 13:59:47,033 - WARNING - Percobaan pengiriman email gagal: Connection unexpectedly closed
2025-07-02 13:59:55,237 - WARNING - Percobaan pengiriman email gagal: Connection unexpectedly closed
2025-07-02 13:59:55,237 - ERROR - Semua percobaan pengiriman email gagal
2025-07-02 14:40:40,290 - INFO - Memproses 4 screenshot manual...
2025-07-02 14:40:40,852 - INFO - PDF report generated: reports\pdf\Laporan_Regresi_Tokopart_20250702_144040.pdf
2025-07-02 14:40:45,188 - WARNING - Percobaan pengiriman email gagal: Connection unexpectedly closed
2025-07-02 14:40:53,267 - WARNING - Percobaan pengiriman email gagal: Connection unexpectedly closed
2025-07-02 14:41:01,240 - WARNING - Percobaan pengiriman email gagal: Connection unexpectedly closed
2025-07-02 14:41:01,240 - ERROR - Semua percobaan pengiriman email gagal
2025-07-02 14:49:08,260 - INFO - Memproses 4 screenshot manual...
2025-07-02 14:49:09,035 - INFO - PDF report generated: reports\pdf\Laporan_Regresi_Tokopart_20250702_144908.pdf
2025-07-02 14:49:12,217 - WARNING - Percobaan pengiriman email gagal: Connection unexpectedly closed
2025-07-02 14:49:20,334 - WARNING - Percobaan pengiriman email gagal: Connection unexpectedly closed
2025-07-02 14:49:28,503 - WARNING - Percobaan pengiriman email gagal: Connection unexpectedly closed
2025-07-02 14:49:28,503 - ERROR - Semua percobaan pengiriman email gagal
2025-07-03 10:12:12,252 - INFO - Memproses 1 screenshot manual...
2025-07-03 10:12:12,270 - INFO - PDF report generated: reports\pdf\Laporan_Regresi_Tokopart_20250703_101212.pdf
2025-07-03 10:12:16,559 - INFO - Email berhasil dikirim ke adolfnaibaho007@gmail.com
2025-07-03 10:15:50,267 - INFO - Memproses 1 screenshot manual...
2025-07-03 10:15:50,276 - INFO - PDF report generated: reports\pdf\Laporan_Regresi_Tokopart_20250703_101550.pdf
2025-07-03 10:15:53,460 - WARNING - Percobaan pengiriman email gagal: Connection unexpectedly closed
2025-07-03 10:16:01,656 - WARNING - Percobaan pengiriman email gagal: Connection unexpectedly closed
2025-07-03 10:16:09,656 - WARNING - Percobaan pengiriman email gagal: Connection unexpectedly closed
2025-07-03 10:16:09,656 - ERROR - Semua percobaan pengiriman email gagal
2025-07-03 10:18:24,671 - INFO - Memproses 1 screenshot manual...
2025-07-03 10:18:24,676 - INFO - PDF report generated: reports\pdf\Laporan_Regresi_Tokopart_20250703_101824.pdf
2025-07-03 10:18:27,906 - WARNING - Percobaan pengiriman email gagal: Connection unexpectedly closed
2025-07-03 10:18:35,934 - WARNING - Percobaan pengiriman email gagal: Connection unexpectedly closed
2025-07-03 10:18:43,885 - WARNING - Percobaan pengiriman email gagal: Connection unexpectedly closed
2025-07-03 10:18:43,886 - ERROR - Semua percobaan pengiriman email gagal
2025-07-03 10:24:49,181 - INFO - Memproses 1 screenshot manual...
2025-07-03 10:24:49,192 - INFO - PDF report generated: reports\pdf\Laporan_Regresi_Tokopart_20250703_102449.pdf
2025-07-03 10:24:52,399 - WARNING - Percobaan pengiriman email gagal: Connection unexpectedly closed
2025-07-03 10:25:00,547 - WARNING - Percobaan pengiriman email gagal: Connection unexpectedly closed
2025-07-03 10:25:05,548 - WARNING - Percobaan pengiriman email gagal: Report file missing: reports\pdf\Laporan_Regresi_Tokopart_20250703_102449.pdf
2025-07-03 10:25:05,548 - ERROR - Semua percobaan pengiriman email gagal
2025-07-03 10:37:51,334 - INFO - Memproses 1 screenshot manual...
2025-07-03 10:37:51,343 - INFO - PDF report generated: reports\pdf\Laporan_Regresi_Tokopart_20250703_103751.pdf
2025-07-03 10:37:54,779 - WARNING - Percobaan pengiriman email gagal: Connection unexpectedly closed
2025-07-03 10:38:02,872 - WARNING - Percobaan pengiriman email gagal: Connection unexpectedly closed
2025-07-03 10:38:10,973 - WARNING - Percobaan pengiriman email gagal: Connection unexpectedly closed
2025-07-03 10:38:10,973 - ERROR - Semua percobaan pengiriman email gagal
2025-07-03 10:40:43,055 - INFO - Memproses 1 screenshot manual...
2025-07-03 10:40:43,064 - INFO - PDF report generated: reports\pdf\Laporan_Regresi_Tokopart_20250703_104043.pdf
2025-07-03 10:40:50,392 - WARNING - Percobaan pengiriman email gagal: Connection unexpectedly closed
2025-07-03 10:40:58,370 - WARNING - Percobaan pengiriman email gagal: Connection unexpectedly closed
2025-07-03 10:41:06,489 - WARNING - Percobaan pengiriman email gagal: Connection unexpectedly closed
2025-07-03 10:41:06,490 - ERROR - Semua percobaan pengiriman email gagal
2025-07-03 10:45:21,568 - INFO - Memproses 1 screenshot manual...
2025-07-03 10:45:21,584 - INFO - PDF report generated: reports\pdf\Laporan_Regresi_Tokopart_20250703_104521.pdf
2025-07-03 10:45:24,777 - WARNING - Percobaan pengiriman email gagal: Connection unexpectedly closed
2025-07-03 10:45:32,892 - WARNING - Percobaan pengiriman email gagal: Connection unexpectedly closed
2025-07-03 10:45:40,958 - WARNING - Percobaan pengiriman email gagal: Connection unexpectedly closed
2025-07-03 10:45:40,958 - ERROR - Semua percobaan pengiriman email gagal
2025-07-03 10:58:10,349 - INFO - Memproses 1 screenshot manual...
2025-07-03 10:58:10,363 - INFO - PDF report generated: reports\pdf\Laporan_Regresi_Tokopart_20250703_105810.pdf
2025-07-03 10:58:14,002 - WARNING - Percobaan pengiriman email gagal: Connection unexpectedly closed
2025-07-03 10:58:22,573 - WARNING - Percobaan pengiriman email gagal: Connection unexpectedly closed
2025-07-03 10:58:30,982 - WARNING - Percobaan pengiriman email gagal: Connection unexpectedly closed
2025-07-03 10:58:30,983 - ERROR - Semua percobaan pengiriman email gagal
2025-07-03 11:02:01,236 - INFO - Memproses 1 screenshot manual...
2025-07-03 11:02:01,246 - INFO - PDF report generated: reports\pdf\Laporan_Regresi_Tokopart_20250703_110201.pdf
2025-07-03 11:02:07,783 - WARNING - Percobaan pengiriman email gagal: Connection unexpectedly closed
2025-07-03 11:02:12,785 - WARNING - Percobaan pengiriman email gagal: Report file missing: reports\pdf\Laporan_Regresi_Tokopart_20250703_110201.pdf
2025-07-03 11:02:17,786 - WARNING - Percobaan pengiriman email gagal: Report file missing: reports\pdf\Laporan_Regresi_Tokopart_20250703_110201.pdf
2025-07-03 11:02:17,786 - ERROR - Semua percobaan pengiriman email gagal
2025-07-03 11:19:11,319 - INFO - Memproses 1 screenshot manual...
2025-07-03 11:19:11,332 - INFO - PDF report generated: reports\pdf\Laporan_Regresi_Tokopart_20250703_111911.pdf
2025-07-03 11:19:14,956 - WARNING - Percobaan pengiriman email gagal: Connection unexpectedly closed
2025-07-03 11:19:23,255 - WARNING - Percobaan pengiriman email gagal: Connection unexpectedly closed
2025-07-03 11:19:31,745 - WARNING - Percobaan pengiriman email gagal: Connection unexpectedly closed
2025-07-03 11:19:31,746 - ERROR - Semua percobaan pengiriman email gagal
2025-07-03 11:23:37,920 - INFO - Memproses 1 screenshot manual...
2025-07-03 11:23:37,930 - INFO - PDF report generated: reports\pdf\Laporan_Regresi_Tokopart_20250703_112337.pdf
2025-07-03 11:23:41,429 - WARNING - Percobaan pengiriman email gagal: Connection unexpectedly closed
2025-07-03 11:23:49,898 - WARNING - Percobaan pengiriman email gagal: Connection unexpectedly closed
2025-07-03 11:23:58,192 - WARNING - Percobaan pengiriman email gagal: Connection unexpectedly closed
2025-07-03 11:23:58,193 - ERROR - Semua percobaan pengiriman email gagal
2025-07-03 13:01:46,319 - INFO - Memproses 1 screenshot manual...
2025-07-03 13:01:46,333 - INFO - PDF report generated: reports\pdf\Laporan_Regresi_Tokopart_20250703_130146.pdf
2025-07-03 13:01:50,185 - WARNING - Percobaan pengiriman email gagal: Connection unexpectedly closed
2025-07-03 13:01:58,259 - WARNING - Percobaan pengiriman email gagal: Connection unexpectedly closed
2025-07-03 13:02:03,261 - WARNING - Percobaan pengiriman email gagal: Report file missing: reports\pdf\Laporan_Regresi_Tokopart_20250703_130146.pdf
2025-07-03 13:02:03,261 - ERROR - Semua percobaan pengiriman email gagal
2025-07-03 13:05:29,964 - WARNING - Tidak ada screenshot manual ditemukan.
2025-07-03 13:41:31,837 - WARNING - Tidak ada screenshot manual ditemukan.
2025-07-03 13:42:37,715 - INFO - Memproses 1 screenshot manual...
2025-07-03 13:42:37,728 - INFO - PDF report generated: reports\pdf\Laporan_Regresi_Tokopart_20250703_134237.pdf
2025-07-03 13:42:41,307 - WARNING - Percobaan pengiriman email gagal: Connection unexpectedly closed
2025-07-03 13:42:49,429 - WARNING - Percobaan pengiriman email gagal: Connection unexpectedly closed
2025-07-03 13:42:57,825 - WARNING - Percobaan pengiriman email gagal: Connection unexpectedly closed
2025-07-03 13:42:57,825 - ERROR - Semua percobaan pengiriman email gagal
2025-07-03 13:46:29,076 - INFO - Memproses 1 screenshot manual...
2025-07-03 13:46:29,088 - INFO - PDF report generated: reports\pdf\Laporan_Regresi_Tokopart_20250703_134629.pdf
2025-07-03 13:46:32,765 - WARNING - Percobaan pengiriman email gagal: Connection unexpectedly closed
2025-07-03 13:46:41,265 - WARNING - Percobaan pengiriman email gagal: Connection unexpectedly closed
2025-07-03 13:46:49,820 - WARNING - Percobaan pengiriman email gagal: Connection unexpectedly closed
2025-07-03 13:46:49,820 - ERROR - Semua percobaan pengiriman email gagal
2025-07-03 13:48:50,097 - INFO - Memproses 1 screenshot manual...
2025-07-03 13:48:50,112 - INFO - PDF report generated: reports\pdf\Laporan_Regresi_Tokopart_20250703_134850.pdf
2025-07-03 13:48:53,611 - WARNING - Percobaan pengiriman email gagal: Connection unexpectedly closed
2025-07-03 13:49:01,978 - WARNING - Percobaan pengiriman email gagal: Connection unexpectedly closed
2025-07-03 13:49:10,145 - WARNING - Percobaan pengiriman email gagal: Connection unexpectedly closed
2025-07-03 13:49:10,145 - ERROR - Semua percobaan pengiriman email gagal
2025-07-03 13:51:06,359 - INFO - Memproses 1 screenshot manual...
2025-07-03 13:51:06,368 - INFO - PDF report generated: reports\pdf\Laporan_Regresi_Tokopart_20250703_135106.pdf
2025-07-03 13:51:09,656 - WARNING - Percobaan pengiriman email gagal: Connection unexpectedly closed
2025-07-03 13:51:17,950 - WARNING - Percobaan pengiriman email gagal: Connection unexpectedly closed
2025-07-03 13:51:26,116 - WARNING - Percobaan pengiriman email gagal: Connection unexpectedly closed
2025-07-03 13:51:26,117 - ERROR - Semua percobaan pengiriman email gagal
2025-07-03 13:56:57,511 - INFO - Memproses 1 screenshot manual...
2025-07-03 13:56:57,519 - INFO - PDF report generated: reports\pdf\Laporan_Regresi_Tokopart_20250703_135657.pdf
2025-07-03 13:57:00,961 - WARNING - Percobaan pengiriman email gagal: Connection unexpectedly closed
2025-07-03 13:57:09,096 - WARNING - Percobaan pengiriman email gagal: Connection unexpectedly closed
2025-07-03 13:57:17,413 - WARNING - Percobaan pengiriman email gagal: Connection unexpectedly closed
2025-07-03 13:57:17,414 - ERROR - Semua percobaan pengiriman email gagal
2025-07-03 14:06:16,609 - INFO - Memproses 1 screenshot manual...
2025-07-03 14:06:16,622 - INFO - PDF report generated: reports\pdf\Laporan_Regresi_Tokopart_20250703_140616.pdf
2025-07-03 14:06:20,220 - WARNING - Percobaan pengiriman email gagal: Connection unexpectedly closed
2025-07-03 14:06:28,657 - WARNING - Percobaan pengiriman email gagal: Connection unexpectedly closed
2025-07-03 14:06:37,064 - WARNING - Percobaan pengiriman email gagal: Connection unexpectedly closed
2025-07-03 14:06:37,064 - ERROR - Semua percobaan pengiriman email gagal
2025-07-03 14:09:10,017 - INFO - Memproses 1 screenshot manual...
2025-07-03 14:09:10,025 - INFO - PDF report generated: reports\pdf\Laporan_Regresi_Tokopart_20250703_140910.pdf
2025-07-03 14:09:13,569 - WARNING - Percobaan pengiriman email gagal: Connection unexpectedly closed
2025-07-03 14:09:21,966 - WARNING - Percobaan pengiriman email gagal: Connection unexpectedly closed
2025-07-03 14:09:26,967 - WARNING - Percobaan pengiriman email gagal: Report file missing: reports\pdf\Laporan_Regresi_Tokopart_20250703_140910.pdf
2025-07-03 14:09:26,968 - ERROR - Semua percobaan pengiriman email gagal
2025-07-03 14:12:39,952 - INFO - Memproses 1 screenshot manual...
2025-07-03 14:12:40,287 - INFO - PDF report generated: reports\pdf\Laporan_Regresi_Tokopart_20250703_141239.pdf
2025-07-03 14:12:43,903 - WARNING - Percobaan pengiriman email gagal: Connection unexpectedly closed
2025-07-03 14:12:52,232 - WARNING - Percobaan pengiriman email gagal: Connection unexpectedly closed
2025-07-03 14:13:00,753 - WARNING - Percobaan pengiriman email gagal: Connection unexpectedly closed
2025-07-03 14:13:00,753 - ERROR - Semua percobaan pengiriman email gagal
2025-07-03 14:16:49,855 - INFO - Memproses 1 screenshot manual...
2025-07-03 14:16:50,524 - INFO - PDF report generated: reports\pdf\Laporan_Regresi_Tokopart_20250703_141649.pdf
2025-07-03 14:16:54,476 - WARNING - Percobaan pengiriman email gagal: Connection unexpectedly closed
2025-07-03 14:17:03,078 - WARNING - Percobaan pengiriman email gagal: Connection unexpectedly closed
2025-07-03 14:17:11,680 - WARNING - Percobaan pengiriman email gagal: Connection unexpectedly closed
2025-07-03 14:17:11,680 - ERROR - Semua percobaan pengiriman email gagal
2025-07-03 14:17:57,830 - INFO - Memproses 1 screenshot manual...
2025-07-03 14:17:57,838 - INFO - PDF report generated: reports\pdf\Laporan_Regresi_Tokopart_20250703_141757.pdf
2025-07-03 14:18:04,046 - WARNING - Percobaan pengiriman email gagal: Connection unexpectedly closed
2025-07-03 14:18:09,047 - WARNING - Percobaan pengiriman email gagal: Report file missing: reports\pdf\Laporan_Regresi_Tokopart_20250703_141757.pdf
2025-07-03 14:18:14,049 - WARNING - Percobaan pengiriman email gagal: Report file missing: reports\pdf\Laporan_Regresi_Tokopart_20250703_141757.pdf
2025-07-03 14:18:14,049 - ERROR - Semua percobaan pengiriman email gagal
2025-07-03 14:22:01,928 - INFO - Memproses 1 screenshot manual...
2025-07-03 14:22:02,153 - INFO - PDF report generated: reports\pdf\Laporan_Regresi_Tokopart_20250703_142201.pdf
2025-07-03 14:22:05,784 - WARNING - Percobaan pengiriman email gagal: Connection unexpectedly closed
2025-07-03 14:22:13,967 - WARNING - Percobaan pengiriman email gagal: Connection unexpectedly closed
2025-07-03 14:22:22,261 - WARNING - Percobaan pengiriman email gagal: Connection unexpectedly closed
2025-07-03 14:22:22,262 - ERROR - Semua percobaan pengiriman email gagal
2025-07-03 14:24:07,471 - INFO - Memproses 1 screenshot manual...
2025-07-03 14:24:07,903 - INFO - PDF report generated: reports\pdf\Laporan_Regresi_Tokopart_20250703_142407.pdf
2025-07-03 14:24:11,267 - WARNING - Percobaan pengiriman email gagal: Connection unexpectedly closed
2025-07-03 14:24:19,465 - WARNING - Percobaan pengiriman email gagal: Connection unexpectedly closed
2025-07-03 14:24:27,745 - WARNING - Percobaan pengiriman email gagal: Connection unexpectedly closed
2025-07-03 14:24:27,745 - ERROR - Semua percobaan pengiriman email gagal
2025-07-03 14:32:35,701 - INFO - Memproses 1 screenshot manual...
2025-07-03 14:32:35,947 - INFO - PDF report generated: reports\pdf\Laporan_Regresi_Tokopart_20250703_143235.pdf
2025-07-03 14:32:39,619 - WARNING - Percobaan pengiriman email gagal: Connection unexpectedly closed
2025-07-03 14:32:47,784 - WARNING - Percobaan pengiriman email gagal: Connection unexpectedly closed
2025-07-03 14:32:56,024 - WARNING - Percobaan pengiriman email gagal: Connection unexpectedly closed
2025-07-03 14:32:56,025 - ERROR - Semua percobaan pengiriman email gagal
2025-07-03 14:40:12,873 - INFO - Memproses 1 screenshot manual...
2025-07-03 14:40:13,125 - INFO - PDF report generated: reports\pdf\Laporan_Regresi_Tokopart_20250703_144012.pdf
2025-07-03 14:40:16,712 - WARNING - Percobaan pengiriman email gagal: Connection unexpectedly closed
2025-07-03 14:40:25,252 - WARNING - Percobaan pengiriman email gagal: Connection unexpectedly closed
2025-07-03 14:40:33,546 - WARNING - Percobaan pengiriman email gagal: Connection unexpectedly closed
2025-07-03 14:40:33,547 - ERROR - Semua percobaan pengiriman email gagal
2025-07-03 14:43:48,019 - INFO - Memproses 1 screenshot manual...
2025-07-03 14:43:48,238 - INFO - PDF report generated: reports\pdf\Laporan_Regresi_Tokopart_20250703_144348.pdf
2025-07-03 14:43:51,999 - WARNING - Percobaan pengiriman email gagal: Connection unexpectedly closed
2025-07-03 14:44:00,686 - WARNING - Percobaan pengiriman email gagal: Connection unexpectedly closed
2025-07-03 14:44:09,148 - WARNING - Percobaan pengiriman email gagal: Connection unexpectedly closed
2025-07-03 14:44:09,149 - ERROR - Semua percobaan pengiriman email gagal
2025-07-03 14:46:12,302 - INFO - Memproses 1 screenshot manual...
2025-07-03 14:46:12,533 - INFO - PDF report generated: reports\pdf\Laporan_Regresi_Tokopart_20250703_144612.pdf
2025-07-03 14:46:15,978 - WARNING - Percobaan pengiriman email gagal: Connection unexpectedly closed
2025-07-03 14:46:24,679 - WARNING - Percobaan pengiriman email gagal: Connection unexpectedly closed
2025-07-03 14:46:32,975 - WARNING - Percobaan pengiriman email gagal: Connection unexpectedly closed
2025-07-03 14:46:32,976 - ERROR - Semua percobaan pengiriman email gagal
2025-07-03 15:01:21,182 - INFO - Memproses 1 screenshot manual...
2025-07-03 15:01:21,438 - INFO - PDF report generated: reports\pdf\Laporan_Regresi_Tokopart_20250703_150121.pdf
2025-07-03 15:01:25,234 - WARNING - Percobaan pengiriman email gagal: Connection unexpectedly closed
2025-07-03 15:01:33,322 - WARNING - Percobaan pengiriman email gagal: Connection unexpectedly closed
2025-07-03 15:01:41,443 - WARNING - Percobaan pengiriman email gagal: Connection unexpectedly closed
2025-07-03 15:01:41,444 - ERROR - Semua percobaan pengiriman email gagal
2025-07-03 15:27:56,378 - INFO - Memproses 1 screenshot manual...
2025-07-03 15:27:56,615 - INFO - PDF report generated: reports\pdf\Laporan_Regresi_Tokopart_20250703_152756.pdf
2025-07-03 15:27:59,995 - WARNING - Percobaan pengiriman email gagal: Connection unexpectedly closed
2025-07-03 15:28:08,587 - WARNING - Percobaan pengiriman email gagal: Connection unexpectedly closed
2025-07-03 15:28:16,634 - WARNING - Percobaan pengiriman email gagal: Connection unexpectedly closed
2025-07-03 15:28:16,635 - ERROR - Semua percobaan pengiriman email gagal
2025-07-03 15:35:44,114 - INFO - Memproses 1 screenshot manual...
2025-07-03 15:35:44,325 - INFO - PDF report generated: reports\pdf\Laporan_Regresi_Tokopart_20250703_153544.pdf
2025-07-03 15:35:48,824 - WARNING - Percobaan pengiriman email gagal: Connection unexpectedly closed
2025-07-03 15:35:57,480 - WARNING - Percobaan pengiriman email gagal: Connection unexpectedly closed
2025-07-03 15:36:06,085 - WARNING - Percobaan pengiriman email gagal: Connection unexpectedly closed
2025-07-03 15:36:06,086 - ERROR - Semua percobaan pengiriman email gagal
2025-07-03 15:39:52,228 - INFO - Memproses 1 screenshot manual...
2025-07-03 15:39:52,519 - INFO - PDF report generated: reports\pdf\Laporan_Regresi_Tokopart_20250703_153952.pdf
2025-07-03 15:39:55,909 - WARNING - Percobaan pengiriman email gagal: Connection unexpectedly closed
2025-07-03 15:42:24,160 - INFO - Memproses 1 screenshot manual...
2025-07-03 15:42:24,336 - INFO - PDF report generated: reports\pdf\Laporan_Regresi_Tokopart_20250703_154224.pdf
2025-07-03 15:42:27,999 - WARNING - Percobaan pengiriman email gagal: Connection unexpectedly closed
2025-07-03 15:42:36,229 - WARNING - Percobaan pengiriman email gagal: Connection unexpectedly closed
2025-07-03 15:42:44,780 - WARNING - Percobaan pengiriman email gagal: Connection unexpectedly closed
2025-07-03 15:42:44,780 - ERROR - Semua percobaan pengiriman email gagal
2025-07-03 15:45:43,067 - INFO - Memproses 1 screenshot manual...
2025-07-03 15:45:43,260 - INFO - PDF report generated: reports\pdf\Laporan_Regresi_Tokopart_20250703_154543.pdf
2025-07-03 15:45:46,711 - WARNING - Percobaan pengiriman email gagal: Connection unexpectedly closed
2025-07-03 15:45:54,821 - WARNING - Percobaan pengiriman email gagal: Connection unexpectedly closed
2025-07-03 15:46:03,290 - WARNING - Percobaan pengiriman email gagal: Connection unexpectedly closed
2025-07-03 15:46:03,291 - ERROR - Semua percobaan pengiriman email gagal
2025-07-03 15:49:34,533 - INFO - Memproses 1 screenshot manual...
2025-07-03 15:49:34,750 - INFO - PDF report generated: reports\pdf\Laporan_Regresi_Tokopart_20250703_154934.pdf
2025-07-03 15:49:38,650 - WARNING - Percobaan pengiriman email gagal: Connection unexpectedly closed
2025-07-03 15:49:46,867 - WARNING - Percobaan pengiriman email gagal: Connection unexpectedly closed
2025-07-03 15:49:55,062 - WARNING - Percobaan pengiriman email gagal: Connection unexpectedly closed
2025-07-03 15:49:55,063 - ERROR - Semua percobaan pengiriman email gagal
2025-07-03 15:55:43,830 - INFO - Memproses 1 screenshot manual...
2025-07-03 15:55:44,218 - INFO - PDF report generated: reports\pdf\Laporan_Regresi_Tokopart_20250703_155543.pdf
2025-07-03 15:55:47,638 - WARNING - Percobaan pengiriman email gagal: Connection unexpectedly closed
2025-07-03 15:57:39,196 - INFO - Memproses 1 screenshot manual...
2025-07-03 15:57:39,403 - INFO - PDF report generated: reports\pdf\Laporan_Regresi_Tokopart_20250703_155739.pdf
2025-07-03 15:57:43,530 - WARNING - Percobaan pengiriman email gagal: Connection unexpectedly closed
2025-07-03 15:57:52,224 - WARNING - Percobaan pengiriman email gagal: Connection unexpectedly closed
2025-07-03 15:57:57,226 - WARNING - Percobaan pengiriman email gagal: Report file missing: reports\pdf\Laporan_Regresi_Tokopart_20250703_155739.pdf
2025-07-03 15:57:57,226 - ERROR - Semua percobaan pengiriman email gagal
2025-07-03 16:04:34,331 - INFO - Memproses 1 screenshot manual...
2025-07-03 16:04:34,582 - INFO - PDF report generated: reports\pdf\Laporan_Regresi_Tokopart_20250703_160434.pdf
2025-07-03 16:04:38,362 - WARNING - Percobaan pengiriman email gagal: Connection unexpectedly closed
2025-07-03 16:04:43,364 - WARNING - Percobaan pengiriman email gagal: Report file missing: reports\pdf\Laporan_Regresi_Tokopart_20250703_160434.pdf
2025-07-03 16:04:48,365 - WARNING - Percobaan pengiriman email gagal: Report file missing: reports\pdf\Laporan_Regresi_Tokopart_20250703_160434.pdf
2025-07-03 16:04:48,366 - ERROR - Semua percobaan pengiriman email gagal
2025-07-03 16:06:49,921 - INFO - Memproses 1 screenshot manual...
2025-07-03 16:06:49,928 - INFO - PDF report generated: reports\pdf\Laporan_Regresi_Tokopart_20250703_160649.pdf
2025-07-03 16:06:53,496 - WARNING - Percobaan pengiriman email gagal: Connection unexpectedly closed
2025-07-03 16:07:02,100 - WARNING - Percobaan pengiriman email gagal: Connection unexpectedly closed
2025-07-03 16:07:10,320 - WARNING - Percobaan pengiriman email gagal: Connection unexpectedly closed
2025-07-03 16:07:10,320 - ERROR - Semua percobaan pengiriman email gagal
2025-07-03 16:12:25,742 - INFO - Memproses 1 screenshot manual...
2025-07-03 16:12:25,974 - INFO - PDF report generated: reports\pdf\Laporan_Regresi_Tokopart_20250703_161225.pdf
2025-07-03 16:12:29,374 - WARNING - Percobaan pengiriman email gagal: Connection unexpectedly closed
2025-07-03 16:12:37,768 - WARNING - Percobaan pengiriman email gagal: Connection unexpectedly closed
2025-07-03 16:12:46,369 - WARNING - Percobaan pengiriman email gagal: Connection unexpectedly closed
2025-07-03 16:12:46,370 - ERROR - Semua percobaan pengiriman email gagal
2025-07-03 16:17:54,553 - INFO - Memproses 1 screenshot manual...
2025-07-03 16:17:55,201 - INFO - PDF report generated: reports\pdf\Laporan_Regresi_Tokopart_20250703_161754.pdf
2025-07-03 16:17:58,629 - WARNING - Percobaan pengiriman email gagal: Connection unexpectedly closed
2025-07-03 16:18:06,921 - WARNING - Percobaan pengiriman email gagal: Connection unexpectedly closed
2025-07-03 16:18:15,336 - WARNING - Percobaan pengiriman email gagal: Connection unexpectedly closed
2025-07-03 16:18:15,337 - ERROR - Semua percobaan pengiriman email gagal
2025-07-03 16:31:39,852 - INFO - Memproses 1 screenshot manual...
2025-07-03 16:31:40,227 - INFO - PDF report generated: reports\pdf\Laporan_Regresi_Tokopart_20250703_163139.pdf
2025-07-03 16:31:43,840 - WARNING - Percobaan pengiriman email gagal: Connection unexpectedly closed
2025-07-03 16:31:52,132 - WARNING - Percobaan pengiriman email gagal: Connection unexpectedly closed
2025-07-03 16:32:00,368 - WARNING - Percobaan pengiriman email gagal: Connection unexpectedly closed
2025-07-03 16:32:00,369 - ERROR - Semua percobaan pengiriman email gagal
2025-07-03 16:37:54,002 - INFO - Memproses 1 screenshot manual...
2025-07-03 16:37:54,370 - INFO - PDF report generated: reports\pdf\Laporan_Regresi_Tokopart_20250703_163754.pdf
2025-07-03 16:37:58,234 - WARNING - Percobaan pengiriman email gagal: Connection unexpectedly closed
2025-07-03 16:38:06,365 - WARNING - Percobaan pengiriman email gagal: Connection unexpectedly closed
2025-07-03 16:38:14,601 - WARNING - Percobaan pengiriman email gagal: Connection unexpectedly closed
2025-07-03 16:38:14,602 - ERROR - Semua percobaan pengiriman email gagal
2025-07-03 17:13:08,828 - WARNING - Tidak ada screenshot manual ditemukan.
2025-07-03 17:13:13,275 - WARNING - Tidak ada screenshot manual ditemukan.
2025-07-03 17:13:30,449 - WARNING - Tidak ada screenshot manual ditemukan.
2025-07-03 17:13:55,751 - WARNING - Tidak ada screenshot manual ditemukan.
2025-07-03 17:17:46,909 - INFO - Memproses 1 screenshot manual...
2025-07-03 17:17:47,154 - INFO - PDF report generated: reports\pdf\Laporan_Regresi_Tokopart_20250703_171746.pdf
2025-07-03 17:17:50,511 - WARNING - Percobaan pengiriman email gagal: Connection unexpectedly closed
2025-07-03 17:17:58,431 - WARNING - Percobaan pengiriman email gagal: Connection unexpectedly closed
2025-07-03 17:18:06,477 - WARNING - Percobaan pengiriman email gagal: Connection unexpectedly closed
2025-07-03 17:18:06,477 - ERROR - Semua percobaan pengiriman email gagal
2025-07-04 09:45:54,674 - INFO - Memproses 1 screenshot manual...
2025-07-04 09:45:54,847 - INFO - PDF report generated: reports\pdf\Laporan_Regresi_Tokopart_20250704_094554.pdf
2025-07-04 09:45:58,599 - WARNING - Percobaan pengiriman email gagal: Connection unexpectedly closed
2025-07-04 09:46:06,781 - WARNING - Percobaan pengiriman email gagal: Connection unexpectedly closed
2025-07-04 09:46:14,973 - WARNING - Percobaan pengiriman email gagal: Connection unexpectedly closed
2025-07-04 09:46:14,973 - ERROR - Semua percobaan pengiriman email gagal
2025-07-04 09:50:43,575 - INFO - Memproses 1 screenshot manual...
2025-07-04 09:50:43,688 - INFO - PDF report generated: reports\pdf\Laporan_Regresi_Tokopart_20250704_095043.pdf
2025-07-04 09:50:47,135 - WARNING - Percobaan pengiriman email gagal: Connection unexpectedly closed
2025-07-04 09:50:55,343 - WARNING - Percobaan pengiriman email gagal: Connection unexpectedly closed
2025-07-04 09:51:03,597 - WARNING - Percobaan pengiriman email gagal: Connection unexpectedly closed
2025-07-04 09:51:03,598 - ERROR - Semua percobaan pengiriman email gagal
2025-07-04 09:53:58,548 - INFO - Memproses 1 screenshot manual...
2025-07-04 09:53:58,655 - INFO - PDF report generated: reports\pdf\Laporan_Regresi_Tokopart_20250704_095358.pdf
2025-07-04 09:54:02,865 - WARNING - Percobaan pengiriman email gagal: Connection unexpectedly closed
2025-07-04 09:54:11,590 - WARNING - Percobaan pengiriman email gagal: Connection unexpectedly closed
2025-07-04 09:54:19,852 - WARNING - Percobaan pengiriman email gagal: Connection unexpectedly closed
2025-07-04 09:54:19,852 - ERROR - Semua percobaan pengiriman email gagal
2025-07-04 09:58:18,887 - INFO - Memproses 1 screenshot manual...
2025-07-04 09:58:19,023 - INFO - PDF report generated: reports\pdf\Laporan_Regresi_Tokopart_20250704_095818.pdf
2025-07-04 09:58:22,347 - WARNING - Percobaan pengiriman email gagal: Connection unexpectedly closed
2025-07-04 09:58:30,638 - WARNING - Percobaan pengiriman email gagal: Connection unexpectedly closed
2025-07-04 09:58:38,817 - WARNING - Percobaan pengiriman email gagal: Connection unexpectedly closed
2025-07-04 09:58:38,818 - ERROR - Semua percobaan pengiriman email gagal
2025-07-04 10:01:41,465 - INFO - Memproses 1 screenshot manual...
2025-07-04 10:01:41,471 - INFO - PDF report generated: reports\pdf\Laporan_Regresi_Tokopart_20250704_100141.pdf
2025-07-04 10:01:44,813 - WARNING - Percobaan pengiriman email gagal: Connection unexpectedly closed
2025-07-04 10:01:53,028 - WARNING - Percobaan pengiriman email gagal: Connection unexpectedly closed
2025-07-04 10:02:01,223 - WARNING - Percobaan pengiriman email gagal: Connection unexpectedly closed
2025-07-04 10:02:01,223 - ERROR - Semua percobaan pengiriman email gagal
2025-07-04 10:06:08,927 - INFO - Memproses 1 screenshot manual...
2025-07-04 10:06:09,056 - INFO - PDF report generated: reports\pdf\Laporan_Regresi_Tokopart_20250704_100608.pdf
2025-07-04 10:06:12,348 - WARNING - Percobaan pengiriman email gagal: Connection unexpectedly closed
2025-07-04 10:06:20,598 - WARNING - Percobaan pengiriman email gagal: Connection unexpectedly closed
2025-07-04 10:06:29,831 - WARNING - Percobaan pengiriman email gagal: Connection unexpectedly closed
2025-07-04 10:06:29,831 - ERROR - Semua percobaan pengiriman email gagal
2025-07-04 10:23:24,666 - INFO - Memproses 1 screenshot manual...
2025-07-04 10:23:24,672 - INFO - PDF report generated: reports\pdf\Laporan_Regresi_Tokopart_20250704_102324.pdf
2025-07-04 10:23:28,009 - WARNING - Percobaan pengiriman email gagal: Connection unexpectedly closed
2025-07-04 10:23:36,321 - WARNING - Percobaan pengiriman email gagal: Connection unexpectedly closed
2025-07-04 10:23:44,608 - WARNING - Percobaan pengiriman email gagal: Connection unexpectedly closed
2025-07-04 10:23:44,609 - ERROR - Semua percobaan pengiriman email gagal
2025-07-04 10:30:58,933 - INFO - Memproses 1 screenshot manual...
2025-07-04 10:30:58,947 - INFO - PDF report generated: reports\pdf\Laporan_Regresi_Tokopart_20250704_103058.pdf
2025-07-04 10:31:03,118 - WARNING - Percobaan pengiriman email gagal: Connection unexpectedly closed
2025-07-04 10:31:11,476 - WARNING - Percobaan pengiriman email gagal: Connection unexpectedly closed
2025-07-04 10:31:20,331 - WARNING - Percobaan pengiriman email gagal: Connection unexpectedly closed
2025-07-04 10:31:20,331 - ERROR - Semua percobaan pengiriman email gagal
2025-07-04 10:35:01,934 - INFO - Memproses 1 screenshot manual...
2025-07-04 10:35:01,940 - INFO - PDF report generated: reports\pdf\Laporan_Regresi_Tokopart_20250704_103501.pdf
2025-07-04 10:35:05,337 - WARNING - Percobaan pengiriman email gagal: Connection unexpectedly closed
2025-07-04 10:35:13,657 - WARNING - Percobaan pengiriman email gagal: Connection unexpectedly closed
2025-07-04 10:35:21,997 - WARNING - Percobaan pengiriman email gagal: Connection unexpectedly closed
2025-07-04 10:35:21,997 - ERROR - Semua percobaan pengiriman email gagal
2025-07-04 10:37:39,539 - INFO - Memproses 1 screenshot manual...
2025-07-04 10:37:39,544 - INFO - PDF report generated: reports\pdf\Laporan_Regresi_Tokopart_20250704_103739.pdf
2025-07-04 10:37:42,884 - WARNING - Percobaan pengiriman email gagal: Connection unexpectedly closed
2025-07-04 10:37:51,103 - WARNING - Percobaan pengiriman email gagal: Connection unexpectedly closed
2025-07-04 10:37:59,271 - WARNING - Percobaan pengiriman email gagal: Connection unexpectedly closed
2025-07-04 10:37:59,271 - ERROR - Semua percobaan pengiriman email gagal
2025-07-04 10:47:48,246 - INFO - Memproses 1 screenshot manual...
2025-07-04 10:47:48,398 - INFO - PDF report generated: reports\pdf\Laporan_Regresi_Tokopart_20250704_104748.pdf
2025-07-04 10:47:51,660 - WARNING - Percobaan pengiriman email gagal: Connection unexpectedly closed
2025-07-04 10:47:59,818 - WARNING - Percobaan pengiriman email gagal: Connection unexpectedly closed
2025-07-04 10:48:07,999 - WARNING - Percobaan pengiriman email gagal: Connection unexpectedly closed
2025-07-04 10:48:08,000 - ERROR - Semua percobaan pengiriman email gagal
2025-07-04 14:09:37,002 - INFO - Memproses 1 screenshot manual...
2025-07-04 14:09:37,203 - INFO - PDF report generated: reports\pdf\Laporan_Regresi_Tokopart_20250704_140937.pdf
2025-07-04 14:09:40,588 - WARNING - Percobaan pengiriman email gagal: Connection unexpectedly closed
2025-07-04 14:09:48,765 - WARNING - Percobaan pengiriman email gagal: Connection unexpectedly closed
2025-07-04 14:09:53,766 - WARNING - Percobaan pengiriman email gagal: Report file missing: reports\pdf\Laporan_Regresi_Tokopart_20250704_140937.pdf
2025-07-04 14:09:53,767 - ERROR - Semua percobaan pengiriman email gagal
2025-07-04 14:21:45,764 - INFO - Memproses 1 screenshot manual...
2025-07-04 14:21:45,906 - INFO - PDF report generated: reports\pdf\Laporan_Regresi_Tokopart_20250704_142145.pdf
2025-07-04 14:21:49,287 - WARNING - Percobaan pengiriman email gagal: Connection unexpectedly closed
2025-07-04 14:21:57,638 - WARNING - Percobaan pengiriman email gagal: Connection unexpectedly closed
2025-07-04 14:22:05,886 - WARNING - Percobaan pengiriman email gagal: Connection unexpectedly closed
2025-07-04 14:22:05,887 - ERROR - Semua percobaan pengiriman email gagal
2025-07-04 14:23:30,194 - INFO - Memproses 1 screenshot manual...
2025-07-04 14:23:30,201 - INFO - PDF report generated: reports\pdf\Laporan_Regresi_Tokopart_20250704_142330.pdf
2025-07-04 14:23:33,623 - WARNING - Percobaan pengiriman email gagal: Connection unexpectedly closed
2025-07-04 14:23:41,974 - WARNING - Percobaan pengiriman email gagal: Connection unexpectedly closed
2025-07-04 14:23:50,376 - WARNING - Percobaan pengiriman email gagal: Connection unexpectedly closed
2025-07-04 14:23:50,377 - ERROR - Semua percobaan pengiriman email gagal
2025-07-04 14:27:22,948 - INFO - Memproses 1 screenshot manual...
2025-07-04 14:27:22,954 - INFO - PDF report generated: reports\pdf\Laporan_Regresi_Tokopart_20250704_142722.pdf
2025-07-04 14:27:26,268 - WARNING - Percobaan pengiriman email gagal: Connection unexpectedly closed
2025-07-04 14:27:34,529 - WARNING - Percobaan pengiriman email gagal: Connection unexpectedly closed
2025-07-04 14:27:42,732 - WARNING - Percobaan pengiriman email gagal: Connection unexpectedly closed
2025-07-04 14:27:42,733 - ERROR - Semua percobaan pengiriman email gagal
2025-07-04 14:29:50,664 - INFO - Memproses 1 screenshot manual...
2025-07-04 14:29:50,670 - INFO - PDF report generated: reports\pdf\Laporan_Regresi_Tokopart_20250704_142950.pdf
2025-07-04 14:29:54,076 - WARNING - Percobaan pengiriman email gagal: Connection unexpectedly closed
2025-07-04 14:30:02,413 - WARNING - Percobaan pengiriman email gagal: Connection unexpectedly closed
2025-07-04 14:30:10,850 - WARNING - Percobaan pengiriman email gagal: Connection unexpectedly closed
2025-07-04 14:30:10,850 - ERROR - Semua percobaan pengiriman email gagal
2025-07-04 14:32:50,891 - INFO - Memproses 1 screenshot manual...
2025-07-04 14:32:51,022 - INFO - PDF report generated: reports\pdf\Laporan_Regresi_Tokopart_20250704_143250.pdf
2025-07-04 14:32:54,280 - WARNING - Percobaan pengiriman email gagal: Connection unexpectedly closed
2025-07-04 14:33:02,652 - WARNING - Percobaan pengiriman email gagal: Connection unexpectedly closed
2025-07-04 14:33:10,917 - WARNING - Percobaan pengiriman email gagal: Connection unexpectedly closed
2025-07-04 14:33:10,918 - ERROR - Semua percobaan pengiriman email gagal
2025-07-04 14:34:06,126 - INFO - Memproses 1 screenshot manual...
2025-07-04 14:34:06,132 - INFO - PDF report generated: reports\pdf\Laporan_Regresi_Tokopart_20250704_143406.pdf
2025-07-04 14:34:09,500 - WARNING - Percobaan pengiriman email gagal: Connection unexpectedly closed
2025-07-04 14:34:17,764 - WARNING - Percobaan pengiriman email gagal: Connection unexpectedly closed
2025-07-04 14:35:14,986 - INFO - Memproses 1 screenshot manual...
2025-07-04 14:35:14,992 - INFO - PDF report generated: reports\pdf\Laporan_Regresi_Tokopart_20250704_143514.pdf
2025-07-04 14:35:18,835 - WARNING - Percobaan pengiriman email gagal: Connection unexpectedly closed
2025-07-04 14:35:28,265 - WARNING - Percobaan pengiriman email gagal: Connection unexpectedly closed
2025-07-04 14:35:33,266 - WARNING - Percobaan pengiriman email gagal: Report file missing: reports\pdf\Laporan_Regresi_Tokopart_20250704_143514.pdf
2025-07-04 14:35:33,267 - ERROR - Semua percobaan pengiriman email gagal
2025-07-04 14:45:29,891 - INFO - Memproses 1 screenshot manual...
2025-07-04 14:45:29,900 - INFO - PDF report generated: reports\pdf\Laporan_Regresi_Tokopart_20250704_144529.pdf
2025-07-04 14:45:33,311 - WARNING - Percobaan pengiriman email gagal: Connection unexpectedly closed
2025-07-04 14:45:41,575 - WARNING - Percobaan pengiriman email gagal: Connection unexpectedly closed
2025-07-04 14:45:49,936 - WARNING - Percobaan pengiriman email gagal: Connection unexpectedly closed
2025-07-04 14:45:49,936 - ERROR - Semua percobaan pengiriman email gagal
2025-07-04 14:50:52,626 - INFO - Memproses 1 screenshot manual...
2025-07-04 14:50:52,634 - INFO - PDF report generated: reports\pdf\Laporan_Regresi_Tokopart_20250704_145052.pdf
2025-07-04 14:50:55,952 - WARNING - Percobaan pengiriman email gagal: Connection unexpectedly closed
2025-07-04 14:51:04,188 - WARNING - Percobaan pengiriman email gagal: Connection unexpectedly closed
2025-07-04 14:51:12,485 - WARNING - Percobaan pengiriman email gagal: Connection unexpectedly closed
2025-07-04 14:51:12,485 - ERROR - Semua percobaan pengiriman email gagal
2025-07-04 14:52:57,293 - INFO - Memproses 1 screenshot manual...
2025-07-04 14:52:57,298 - INFO - PDF report generated: reports\pdf\Laporan_Regresi_Tokopart_20250704_145257.pdf
2025-07-04 14:53:00,630 - WARNING - Percobaan pengiriman email gagal: Connection unexpectedly closed
2025-07-04 14:54:30,742 - INFO - Memproses 1 screenshot manual...
2025-07-04 14:54:30,946 - INFO - PDF report generated: reports\pdf\Laporan_Regresi_Tokopart_20250704_145430.pdf
2025-07-04 14:54:34,649 - WARNING - Percobaan pengiriman email gagal: Connection unexpectedly closed
2025-07-04 14:54:43,073 - WARNING - Percobaan pengiriman email gagal: Connection unexpectedly closed
2025-07-04 14:55:54,513 - INFO - Memproses 1 screenshot manual...
2025-07-04 14:55:54,637 - INFO - PDF report generated: reports\pdf\Laporan_Regresi_Tokopart_20250704_145554.pdf
2025-07-04 14:55:58,356 - WARNING - Percobaan pengiriman email gagal: Connection unexpectedly closed
2025-07-04 14:56:06,652 - WARNING - Percobaan pengiriman email gagal: Connection unexpectedly closed
2025-07-04 14:56:14,967 - WARNING - Percobaan pengiriman email gagal: Connection unexpectedly closed
2025-07-04 14:56:14,967 - ERROR - Semua percobaan pengiriman email gagal
2025-07-04 14:57:48,071 - INFO - Memproses 1 screenshot manual...
2025-07-04 14:57:48,187 - INFO - PDF report generated: reports\pdf\Laporan_Regresi_Tokopart_20250704_145748.pdf
2025-07-04 14:57:55,006 - WARNING - Percobaan pengiriman email gagal: Connection unexpectedly closed
2025-07-04 14:58:03,207 - WARNING - Percobaan pengiriman email gagal: Connection unexpectedly closed
2025-07-04 14:58:11,413 - WARNING - Percobaan pengiriman email gagal: Connection unexpectedly closed
2025-07-04 14:58:11,414 - ERROR - Semua percobaan pengiriman email gagal
2025-07-04 15:04:04,538 - INFO - Memproses 1 screenshot manual...
2025-07-04 15:04:04,546 - INFO - PDF report generated: reports\pdf\Laporan_Regresi_Tokopart_20250704_150404.pdf
2025-07-04 15:04:08,062 - WARNING - Percobaan pengiriman email gagal: Connection unexpectedly closed
2025-07-04 15:04:17,262 - WARNING - Percobaan pengiriman email gagal: Connection unexpectedly closed
2025-07-04 15:04:25,623 - WARNING - Percobaan pengiriman email gagal: Connection unexpectedly closed
2025-07-04 15:04:25,623 - ERROR - Semua percobaan pengiriman email gagal
2025-07-04 15:06:10,750 - INFO - Memproses 1 screenshot manual...
2025-07-04 15:06:10,755 - INFO - PDF report generated: reports\pdf\Laporan_Regresi_Tokopart_20250704_150610.pdf
2025-07-04 15:06:14,140 - WARNING - Percobaan pengiriman email gagal: Connection unexpectedly closed
2025-07-04 15:06:22,311 - WARNING - Percobaan pengiriman email gagal: Connection unexpectedly closed
2025-07-04 15:06:30,586 - WARNING - Percobaan pengiriman email gagal: Connection unexpectedly closed
2025-07-04 15:06:30,586 - ERROR - Semua percobaan pengiriman email gagal
2025-07-04 15:07:48,215 - INFO - Memproses 1 screenshot manual...
2025-07-04 15:07:48,220 - INFO - PDF report generated: reports\pdf\Laporan_Regresi_Tokopart_20250704_150748.pdf
2025-07-04 15:08:41,339 - INFO - Memproses 1 screenshot manual...
2025-07-04 15:08:41,346 - INFO - PDF report generated: reports\pdf\Laporan_Regresi_Tokopart_20250704_150841.pdf
2025-07-04 15:08:46,631 - WARNING - Percobaan pengiriman email gagal: Connection unexpectedly closed
2025-07-04 15:08:57,620 - WARNING - Percobaan pengiriman email gagal: Connection unexpectedly closed
2025-07-04 15:09:06,551 - WARNING - Percobaan pengiriman email gagal: Connection unexpectedly closed
2025-07-04 15:09:06,551 - ERROR - Semua percobaan pengiriman email gagal
2025-07-04 15:10:43,512 - INFO - Memproses 1 screenshot manual...
2025-07-04 15:10:43,521 - INFO - PDF report generated: reports\pdf\Laporan_Regresi_Tokopart_20250704_151043.pdf
2025-07-04 15:10:47,043 - WARNING - Percobaan pengiriman email gagal: Connection unexpectedly closed
2025-07-04 15:10:55,776 - WARNING - Percobaan pengiriman email gagal: Connection unexpectedly closed
2025-07-04 15:11:04,402 - WARNING - Percobaan pengiriman email gagal: Connection unexpectedly closed
2025-07-04 15:11:04,403 - ERROR - Semua percobaan pengiriman email gagal
2025-07-04 15:12:13,034 - INFO - Memproses 1 screenshot manual...
2025-07-04 15:12:13,045 - INFO - PDF report generated: reports\pdf\Laporan_Regresi_Tokopart_20250704_151213.pdf
2025-07-04 15:13:11,838 - INFO - Memproses 1 screenshot manual...
2025-07-04 15:13:11,847 - INFO - PDF report generated: reports\pdf\Laporan_Regresi_Tokopart_20250704_151311.pdf
2025-07-04 15:13:16,265 - WARNING - Percobaan pengiriman email gagal: Connection unexpectedly closed
2025-07-04 15:13:25,297 - WARNING - Percobaan pengiriman email gagal: Connection unexpectedly closed
2025-07-04 15:13:34,931 - WARNING - Percobaan pengiriman email gagal: Connection unexpectedly closed
2025-07-04 15:13:34,931 - ERROR - Semua percobaan pengiriman email gagal
2025-07-04 15:14:18,544 - INFO - Memproses 1 screenshot manual...
2025-07-04 15:14:18,552 - INFO - PDF report generated: reports\pdf\Laporan_Regresi_Tokopart_20250704_151418.pdf
2025-07-04 15:14:22,298 - WARNING - Percobaan pengiriman email gagal: Connection unexpectedly closed
2025-07-04 15:14:30,887 - WARNING - Percobaan pengiriman email gagal: Connection unexpectedly closed
2025-07-04 15:14:42,569 - WARNING - Percobaan pengiriman email gagal: Connection unexpectedly closed
2025-07-04 15:14:42,569 - ERROR - Semua percobaan pengiriman email gagal
